TN:
SF:src/App.tsx
FN:13,(anonymous_0)
FN:14,(anonymous_1)
FN:15,(anonymous_2)
FN:16,(anonymous_3)
FN:17,(anonymous_4)
FN:18,(anonymous_5)
FN:19,(anonymous_6)
FN:20,(anonymous_7)
FN:21,(anonymous_8)
FN:28,getDerivedStateFromError
FN:29,render
FN:37,(anonymous_11)
FN:63,App
FN:69,(anonymous_13)
FN:70,(anonymous_14)
FN:73,(anonymous_15)
FN:74,(anonymous_16)
FN:75,(anonymous_17)
FN:77,(anonymous_18)
FN:88,(anonymous_19)
FN:92,(anonymous_20)
FN:94,(anonymous_21)
FN:97,(anonymous_22)
FN:99,(anonymous_23)
FN:100,(anonymous_24)
FN:101,(anonymous_25)
FN:126,(anonymous_26)
FN:131,(anonymous_27)
FN:183,(anonymous_28)
FN:187,(anonymous_29)
FN:193,(anonymous_30)
FNF:31
FNH:15
FNDA:1,(anonymous_0)
FNDA:0,(anonymous_1)
FNDA:0,(anonymous_2)
FNDA:0,(anonymous_3)
FNDA:0,(anonymous_4)
FNDA:0,(anonymous_5)
FNDA:0,(anonymous_6)
FNDA:0,(anonymous_7)
FNDA:0,(anonymous_8)
FNDA:4,getDerivedStateFromError
FNDA:6,render
FNDA:0,(anonymous_11)
FNDA:7,App
FNDA:4,(anonymous_13)
FNDA:0,(anonymous_14)
FNDA:18,(anonymous_15)
FNDA:18,(anonymous_16)
FNDA:18,(anonymous_17)
FNDA:0,(anonymous_18)
FNDA:0,(anonymous_19)
FNDA:4,(anonymous_20)
FNDA:4,(anonymous_21)
FNDA:4,(anonymous_22)
FNDA:4,(anonymous_23)
FNDA:4,(anonymous_24)
FNDA:0,(anonymous_25)
FNDA:54,(anonymous_26)
FNDA:54,(anonymous_27)
FNDA:0,(anonymous_28)
FNDA:0,(anonymous_29)
FNDA:0,(anonymous_30)
DA:13,1
DA:14,1
DA:15,1
DA:16,1
DA:17,1
DA:18,1
DA:19,1
DA:20,1
DA:21,1
DA:27,4
DA:28,0
DA:30,6
DA:31,0
DA:37,0
DA:45,6
DA:49,1
DA:61,1
DA:64,7
DA:65,7
DA:66,7
DA:67,7
DA:69,7
DA:70,4
DA:73,18
DA:74,18
DA:75,18
DA:77,7
DA:78,0
DA:79,0
DA:80,0
DA:81,0
DA:82,0
DA:83,0
DA:84,0
DA:85,0
DA:86,0
DA:87,0
DA:88,0
DA:92,7
DA:93,4
DA:94,4
DA:97,7
DA:98,4
DA:99,4
DA:100,4
DA:101,0
DA:104,7
DA:127,54
DA:131,54
DA:183,0
DA:187,0
DA:194,0
LF:52
LH:34
BRDA:30,0,0,0
BRDA:30,0,1,6
BRDA:79,1,0,0
BRDA:79,1,1,0
BRDA:79,2,0,0
BRDA:79,2,1,0
BRDA:79,2,2,0
BRDA:80,3,0,0
BRDA:80,3,1,0
BRDA:83,4,0,0
BRDA:83,4,1,0
BRDA:83,5,0,0
BRDA:83,5,1,0
BRDA:87,6,0,0
BRDA:87,6,1,0
BRDA:99,7,0,4
BRDA:99,7,1,0
BRDA:100,8,0,4
BRDA:100,8,1,0
BRDA:134,9,0,6
BRDA:134,9,1,48
BRDA:135,10,0,6
BRDA:135,10,1,48
BRDA:136,11,0,6
BRDA:136,11,1,48
BRDA:151,12,0,7
BRDA:151,12,1,0
BRDA:179,13,0,7
BRDA:179,13,1,0
BRF:29
BRH:11
end_of_record
TN:
SF:src/components/AnnotationOverlay.tsx
FN:12,AnnotationOverlay
FN:14,(anonymous_1)
FN:23,(anonymous_2)
FN:30,(anonymous_3)
FN:31,(anonymous_4)
FN:90,AddAnnotationButton
FN:94,(anonymous_6)
FN:96,(anonymous_7)
FN:106,(anonymous_8)
FN:128,(anonymous_9)
FN:142,(anonymous_10)
FN:143,(anonymous_11)
FN:163,(anonymous_12)
FNF:13
FNH:2
FNDA:0,AnnotationOverlay
FNDA:0,(anonymous_1)
FNDA:0,(anonymous_2)
FNDA:0,(anonymous_3)
FNDA:0,(anonymous_4)
FNDA:6,AddAnnotationButton
FNDA:18,(anonymous_6)
FNDA:0,(anonymous_7)
FNDA:0,(anonymous_8)
FNDA:0,(anonymous_9)
FNDA:0,(anonymous_10)
FNDA:0,(anonymous_11)
FNDA:0,(anonymous_12)
DA:13,0
DA:14,0
DA:15,0
DA:17,0
DA:19,0
DA:21,0
DA:24,0
DA:25,0
DA:26,0
DA:27,0
DA:30,0
DA:31,0
DA:91,6
DA:92,6
DA:93,6
DA:94,18
DA:96,6
DA:97,0
DA:98,0
DA:99,0
DA:100,0
DA:103,6
DA:104,6
DA:106,0
DA:120,0
DA:128,0
DA:142,0
DA:143,0
DA:163,0
LF:29
LH:7
BRDA:12,0,0,0
BRDA:17,1,0,0
BRDA:17,1,1,0
BRDA:25,2,0,0
BRDA:25,2,1,0
BRDA:25,3,0,0
BRDA:25,3,1,0
BRDA:26,4,0,0
BRDA:26,4,1,0
BRDA:60,5,0,0
BRDA:60,5,1,0
BRDA:79,6,0,0
BRDA:79,6,1,0
BRDA:97,7,0,0
BRDA:97,7,1,0
BRDA:103,8,0,6
BRDA:103,8,1,0
BRDA:143,9,0,0
BRDA:143,9,1,0
BRF:19
BRH:1
end_of_record
TN:
SF:src/components/FeatureConfigPanel.tsx
FN:50,FeatureConfigPanel
FN:60,(anonymous_1)
FN:72,(anonymous_2)
FN:93,(anonymous_3)
FN:103,(anonymous_4)
FN:104,(anonymous_5)
FN:113,(anonymous_6)
FN:114,(anonymous_7)
FN:118,(anonymous_8)
FN:129,(anonymous_9)
FN:149,(anonymous_10)
FN:168,(anonymous_11)
FN:187,(anonymous_12)
FN:262,renderInput
FN:283,(anonymous_14)
FN:291,(anonymous_15)
FN:294,(anonymous_16)
FN:300,(anonymous_17)
FN:301,(anonymous_18)
FN:323,(anonymous_19)
FN:332,(anonymous_20)
FN:340,(anonymous_21)
FN:350,(anonymous_22)
FN:353,(anonymous_23)
FN:353,(anonymous_24)
FN:355,(anonymous_25)
FNF:26
FNH:0
FNDA:0,FeatureConfigPanel
FNDA:0,(anonymous_1)
FNDA:0,(anonymous_2)
FNDA:0,(anonymous_3)
FNDA:0,(anonymous_4)
FNDA:0,(anonymous_5)
FNDA:0,(anonymous_6)
FNDA:0,(anonymous_7)
FNDA:0,(anonymous_8)
FNDA:0,(anonymous_9)
FNDA:0,(anonymous_10)
FNDA:0,(anonymous_11)
FNDA:0,(anonymous_12)
FNDA:0,renderInput
FNDA:0,(anonymous_14)
FNDA:0,(anonymous_15)
FNDA:0,(anonymous_16)
FNDA:0,(anonymous_17)
FNDA:0,(anonymous_18)
FNDA:0,(anonymous_19)
FNDA:0,(anonymous_20)
FNDA:0,(anonymous_21)
FNDA:0,(anonymous_22)
FNDA:0,(anonymous_23)
FNDA:0,(anonymous_24)
FNDA:0,(anonymous_25)
DA:16,0
DA:51,0
DA:52,0
DA:53,0
DA:54,0
DA:55,0
DA:56,0
DA:57,0
DA:58,0
DA:60,0
DA:61,0
DA:62,0
DA:63,0
DA:64,0
DA:65,0
DA:68,0
DA:72,0
DA:73,0
DA:74,0
DA:78,0
DA:79,0
DA:80,0
DA:81,0
DA:82,0
DA:83,0
DA:84,0
DA:85,0
DA:87,0
DA:93,0
DA:94,0
DA:95,0
DA:96,0
DA:98,0
DA:99,0
DA:100,0
DA:103,0
DA:104,0
DA:105,0
DA:106,0
DA:107,0
DA:108,0
DA:111,0
DA:113,0
DA:114,0
DA:118,0
DA:119,0
DA:120,0
DA:121,0
DA:122,0
DA:123,0
DA:124,0
DA:129,0
DA:130,0
DA:131,0
DA:133,0
DA:134,0
DA:135,0
DA:137,0
DA:138,0
DA:139,0
DA:140,0
DA:141,0
DA:142,0
DA:143,0
DA:148,0
DA:149,0
DA:150,0
DA:152,0
DA:158,0
DA:160,0
DA:164,0
DA:165,0
DA:168,0
DA:170,0
DA:188,0
DA:268,0
DA:280,0
DA:281,0
DA:282,0
DA:283,0
DA:286,0
DA:292,0
DA:294,0
DA:295,0
DA:297,0
DA:299,0
DA:300,0
DA:301,0
DA:302,0
DA:305,0
DA:313,0
DA:316,0
DA:323,0
DA:328,0
DA:332,0
DA:336,0
DA:340,0
DA:345,0
DA:351,0
DA:352,0
DA:353,0
DA:355,0
DA:362,0
LF:103
LH:0
BRDA:61,0,0,0
BRDA:61,0,1,0
BRDA:78,1,0,0
BRDA:78,1,1,0
BRDA:81,2,0,0
BRDA:81,2,1,0
BRDA:95,3,0,0
BRDA:95,3,1,0
BRDA:96,4,0,0
BRDA:96,4,1,0
BRDA:111,5,0,0
BRDA:111,5,1,0
BRDA:113,6,0,0
BRDA:113,6,1,0
BRDA:130,7,0,0
BRDA:130,7,1,0
BRDA:131,8,0,0
BRDA:131,8,1,0
BRDA:137,9,0,0
BRDA:137,9,1,0
BRDA:137,10,0,0
BRDA:137,10,1,0
BRDA:138,11,0,0
BRDA:138,11,1,0
BRDA:141,12,0,0
BRDA:141,12,1,0
BRDA:148,13,0,0
BRDA:148,13,1,0
BRDA:150,14,0,0
BRDA:150,14,1,0
BRDA:164,15,0,0
BRDA:164,15,1,0
BRDA:164,16,0,0
BRDA:164,16,1,0
BRDA:179,17,0,0
BRDA:179,17,1,0
BRDA:202,18,0,0
BRDA:202,18,1,0
BRDA:203,19,0,0
BRDA:203,19,1,0
BRDA:211,20,0,0
BRDA:211,20,1,0
BRDA:216,21,0,0
BRDA:216,21,1,0
BRDA:225,22,0,0
BRDA:225,22,1,0
BRDA:228,23,0,0
BRDA:228,23,1,0
BRDA:233,24,0,0
BRDA:233,24,1,0
BRDA:242,25,0,0
BRDA:242,25,1,0
BRDA:247,26,0,0
BRDA:247,26,1,0
BRDA:247,27,0,0
BRDA:247,27,1,0
BRDA:250,28,0,0
BRDA:250,28,1,0
BRDA:252,29,0,0
BRDA:252,29,1,0
BRDA:252,30,0,0
BRDA:252,30,1,0
BRDA:255,31,0,0
BRDA:255,31,1,0
BRDA:280,32,0,0
BRDA:280,32,1,0
BRDA:282,33,0,0
BRDA:282,33,1,0
BRDA:284,34,0,0
BRDA:284,34,1,0
BRDA:297,35,0,0
BRDA:297,35,1,0
BRDA:301,36,0,0
BRDA:301,36,1,0
BRDA:313,37,0,0
BRDA:313,37,1,0
BRDA:313,37,2,0
BRDA:313,37,3,0
BRDA:313,37,4,0
BRDA:313,37,5,0
BRDA:319,38,0,0
BRDA:319,38,1,0
BRDA:319,38,2,0
BRDA:322,39,0,0
BRDA:322,39,1,0
BRDA:323,40,0,0
BRDA:323,40,1,0
BRDA:331,41,0,0
BRDA:331,41,1,0
BRDA:331,41,2,0
BRDA:339,42,0,0
BRDA:339,42,1,0
BRDA:339,42,2,0
BRDA:348,43,0,0
BRDA:348,43,1,0
BRDA:352,44,0,0
BRDA:352,44,1,0
BRF:97
BRH:0
end_of_record
TN:
SF:src/components/FeatureHealthBadge.tsx
FN:13,overflowIndicator
FN:24,FeatureHealthBadge
FN:34,(anonymous_2)
FN:36,(anonymous_3)
FN:37,(anonymous_4)
FN:39,(anonymous_5)
FN:42,(anonymous_6)
FN:44,(anonymous_7)
FN:50,(anonymous_8)
FN:56,(anonymous_9)
FNF:10
FNH:0
FNDA:0,overflowIndicator
FNDA:0,FeatureHealthBadge
FNDA:0,(anonymous_2)
FNDA:0,(anonymous_3)
FNDA:0,(anonymous_4)
FNDA:0,(anonymous_5)
FNDA:0,(anonymous_6)
FNDA:0,(anonymous_7)
FNDA:0,(anonymous_8)
FNDA:0,(anonymous_9)
DA:6,1
DA:14,0
DA:15,0
DA:16,0
DA:25,0
DA:26,0
DA:27,0
DA:28,0
DA:29,0
DA:32,0
DA:34,0
DA:35,0
DA:36,0
DA:37,0
DA:38,0
DA:42,0
DA:43,0
DA:44,0
DA:45,0
DA:46,0
DA:49,0
DA:50,0
DA:53,0
DA:56,0
LF:24
LH:1
BRDA:14,0,0,0
BRDA:14,0,1,0
BRDA:15,1,0,0
BRDA:15,1,1,0
BRDA:24,2,0,0
BRDA:35,3,0,0
BRDA:35,3,1,0
BRDA:38,4,0,0
BRDA:38,4,1,0
BRDA:43,5,0,0
BRDA:43,5,1,0
BRDA:45,6,0,0
BRDA:45,6,1,0
BRDA:45,7,0,0
BRDA:45,7,1,0
BRDA:62,8,0,0
BRDA:62,8,1,0
BRDA:65,9,0,0
BRDA:65,9,1,0
BRDA:70,10,0,0
BRDA:70,10,1,0
BRDA:73,11,0,0
BRDA:73,11,1,0
BRDA:93,12,0,0
BRDA:93,12,1,0
BRDA:97,13,0,0
BRDA:97,13,1,0
BRDA:103,14,0,0
BRDA:103,14,1,0
BRDA:113,15,0,0
BRDA:113,15,1,0
BRDA:113,16,0,0
BRDA:113,16,1,0
BRDA:126,17,0,0
BRDA:126,17,1,0
BRDA:126,18,0,0
BRDA:126,18,1,0
BRDA:141,19,0,0
BRDA:141,19,1,0
BRDA:145,20,0,0
BRDA:145,20,1,0
BRDA:155,21,0,0
BRDA:155,21,1,0
BRDA:168,22,0,0
BRDA:168,22,1,0
BRDA:168,23,0,0
BRDA:168,23,1,0
BRDA:185,24,0,0
BRDA:185,24,1,0
BRDA:191,25,0,0
BRDA:191,25,1,0
BRDA:192,26,0,0
BRDA:192,26,1,0
BRDA:193,27,0,0
BRDA:193,27,1,0
BRF:55
BRH:0
end_of_record
TN:
SF:src/components/RecordingControls.tsx
FN:24,RecordingControls
FN:29,(anonymous_1)
FN:67,(anonymous_2)
FNF:3
FNH:1
FNDA:6,RecordingControls
FNDA:0,(anonymous_1)
FNDA:0,(anonymous_2)
DA:8,1
DA:25,6
DA:26,6
DA:27,6
DA:29,6
DA:30,0
DA:31,0
DA:33,0
DA:37,6
DA:67,0
LF:10
LH:6
BRDA:25,0,0,6
BRDA:25,0,1,6
BRDA:25,0,2,0
BRDA:30,1,0,0
BRDA:30,1,1,0
BRDA:51,2,0,0
BRDA:51,2,1,6
BRDA:52,3,0,0
BRDA:52,3,1,6
BRDA:60,4,0,0
BRDA:60,4,1,6
BRDA:61,5,0,0
BRDA:61,5,1,6
BRDA:63,6,0,0
BRDA:63,6,1,6
BRDA:66,7,0,6
BRDA:66,7,1,0
BRDA:73,8,0,0
BRDA:73,8,1,0
BRDA:78,9,0,0
BRDA:78,9,1,0
BRDA:81,10,0,0
BRDA:81,10,1,0
BRF:23
BRH:8
end_of_record
TN:
SF:src/components/SubTabBar.tsx
FN:9,SubTabBar
FN:15,(anonymous_1)
FN:20,(anonymous_2)
FNF:3
FNH:3
FNDA:8,SubTabBar
FNDA:17,(anonymous_1)
FNDA:2,(anonymous_2)
DA:10,8
DA:16,17
DA:17,17
DA:20,2
LF:4
LH:4
BRDA:25,0,0,7
BRDA:25,0,1,10
BRDA:26,1,0,7
BRDA:26,1,1,10
BRDA:28,2,0,7
BRDA:28,2,1,10
BRF:6
BRH:6
end_of_record
TN:
SF:src/components/TimeWindowSelector.tsx
FN:18,saveFrontendData
FN:49,TimeWindowSelector
FN:50,(anonymous_2)
FN:52,(anonymous_3)
FN:68,(anonymous_4)
FN:75,(anonymous_5)
FN:80,(anonymous_6)
FNF:7
FNH:3
FNDA:0,saveFrontendData
FNDA:6,TimeWindowSelector
FNDA:4,(anonymous_2)
FNDA:0,(anonymous_3)
FNDA:0,(anonymous_4)
FNDA:24,(anonymous_5)
FNDA:0,(anonymous_6)
DA:11,1
DA:19,0
DA:20,0
DA:22,0
DA:31,0
DA:32,0
DA:33,0
DA:34,0
DA:38,0
DA:41,0
DA:42,0
DA:43,0
DA:44,0
DA:45,0
DA:46,0
DA:50,6
DA:52,6
DA:53,0
DA:54,0
DA:57,6
DA:68,0
DA:76,24
DA:80,0
LF:23
LH:5
BRF:0
BRH:0
end_of_record
TN:
SF:src/components/Layout/ConnectionIndicator.tsx
FN:4,ConnectionIndicator
FNF:1
FNH:1
FNDA:5,ConnectionIndicator
DA:5,5
DA:7,5
DA:16,5
LF:3
LH:3
BRDA:23,0,0,2
BRDA:23,0,1,3
BRDA:25,1,0,2
BRDA:25,1,1,1
BRF:4
BRH:4
end_of_record
TN:
SF:src/components/Layout/ExportControl.tsx
FN:11,ExportControl
FN:15,(anonymous_1)
FN:49,(anonymous_2)
FN:59,(anonymous_3)
FN:66,(anonymous_4)
FNF:5
FNH:3
FNDA:10,ExportControl
FNDA:1,(anonymous_1)
FNDA:0,(anonymous_2)
FNDA:0,(anonymous_3)
FNDA:30,(anonymous_4)
DA:5,2
DA:12,10
DA:13,10
DA:15,10
DA:16,1
DA:17,1
DA:18,0
DA:21,1
DA:22,1
DA:31,1
DA:32,2
DA:33,2
DA:34,4
DA:38,1
DA:41,1
DA:42,1
DA:43,1
DA:44,1
DA:45,1
DA:46,1
DA:48,1
DA:49,1
DA:52,10
DA:59,0
DA:67,30
LF:25
LH:23
BRDA:17,0,0,0
BRDA:17,0,1,1
BRDA:75,1,0,1
BRDA:75,1,1,9
BRDA:77,2,0,1
BRDA:77,2,1,9
BRDA:81,3,0,1
BRDA:81,3,1,9
BRF:8
BRH:7
end_of_record
TN:
SF:src/components/Layout/StatusBar.tsx
FN:4,StatusBar
FN:7,(anonymous_1)
FNF:2
FNH:1
FNDA:6,StatusBar
FNDA:0,(anonymous_1)
DA:5,6
DA:7,6
DA:8,6
DA:10,6
LF:4
LH:4
BRDA:19,0,0,6
BRDA:19,0,1,0
BRF:2
BRH:1
end_of_record
TN:
SF:src/components/TimeControls/TimeControls.tsx
FN:13,TimeControls
FN:17,(anonymous_1)
FN:19,(anonymous_2)
FN:22,(anonymous_3)
FN:57,(anonymous_4)
FN:60,(anonymous_5)
FNF:6
FNH:5
FNDA:6,TimeControls
FNDA:4,(anonymous_1)
FNDA:4,(anonymous_2)
FNDA:12,(anonymous_3)
FNDA:24,(anonymous_4)
FNDA:0,(anonymous_5)
DA:6,1
DA:14,6
DA:15,6
DA:17,6
DA:18,4
DA:19,4
DA:22,6
DA:23,12
DA:25,6
DA:58,24
DA:60,0
LF:11
LH:10
BRDA:39,0,0,6
BRDA:39,0,1,0
BRDA:40,1,0,6
BRDA:40,1,1,0
BRDA:41,2,0,6
BRDA:41,2,1,0
BRDA:46,3,0,6
BRDA:46,3,1,0
BRDA:53,4,0,6
BRDA:53,4,1,0
BRDA:63,5,0,6
BRDA:63,5,1,18
BRDA:64,6,0,6
BRDA:64,6,1,18
BRDA:65,7,0,6
BRDA:65,7,1,18
BRF:16
BRH:11
end_of_record
TN:
SF:src/components/charts/CoreHeatmap.tsx
FN:19,formatTime
FN:24,CoreHeatmap
FN:25,(anonymous_2)
FN:27,(anonymous_3)
FN:29,(anonymous_4)
FN:34,(anonymous_5)
FN:37,(anonymous_6)
FN:37,(anonymous_7)
FN:39,(anonymous_8)
FN:59,(anonymous_9)
FNF:10
FNH:0
FNDA:0,formatTime
FNDA:0,CoreHeatmap
FNDA:0,(anonymous_2)
FNDA:0,(anonymous_3)
FNDA:0,(anonymous_4)
FNDA:0,(anonymous_5)
FNDA:0,(anonymous_6)
FNDA:0,(anonymous_7)
FNDA:0,(anonymous_8)
FNDA:0,(anonymous_9)
DA:17,0
DA:20,0
DA:21,0
DA:25,0
DA:26,0
DA:27,0
DA:28,0
DA:29,0
DA:31,0
DA:33,0
DA:34,0
DA:37,0
DA:39,0
DA:40,0
DA:42,0
DA:43,0
DA:45,0
DA:46,0
DA:47,0
DA:48,0
DA:49,0
DA:53,0
DA:60,0
DA:61,0
DA:96,0
DA:98,0
LF:26
LH:0
BRDA:24,0,0,0
BRDA:26,1,0,0
BRDA:26,1,1,0
BRDA:28,2,0,0
BRDA:28,2,1,0
BRDA:37,3,0,0
BRDA:37,3,1,0
BRDA:40,4,0,0
BRDA:40,4,1,0
BRDA:96,5,0,0
BRDA:96,5,1,0
BRDA:96,6,0,0
BRDA:96,6,1,0
BRF:13
BRH:0
end_of_record
TN:
SF:src/components/charts/EChart.tsx
FN:49,EChart
FN:55,(anonymous_1)
FN:68,(anonymous_2)
FN:73,(anonymous_3)
FN:79,(anonymous_4)
FN:87,(anonymous_5)
FNF:6
FNH:0
FNDA:0,EChart
FNDA:0,(anonymous_1)
FNDA:0,(anonymous_2)
FNDA:0,(anonymous_3)
FNDA:0,(anonymous_4)
FNDA:0,(anonymous_5)
DA:16,0
DA:23,0
DA:39,0
DA:50,0
DA:51,0
DA:52,0
DA:53,0
DA:55,0
DA:56,0
DA:58,0
DA:59,0
DA:61,0
DA:62,0
DA:63,0
DA:66,0
DA:68,0
DA:69,0
DA:71,0
DA:73,0
DA:74,0
DA:77,0
DA:79,0
DA:80,0
DA:81,0
DA:82,0
DA:83,0
DA:87,0
DA:88,0
DA:89,0
DA:92,0
LF:30
LH:0
BRDA:49,0,0,0
BRDA:49,1,0,0
BRDA:56,2,0,0
BRDA:56,2,1,0
BRDA:61,3,0,0
BRDA:61,3,1,0
BRDA:69,4,0,0
BRDA:69,4,1,0
BRDA:88,5,0,0
BRDA:88,5,1,0
BRF:10
BRH:0
end_of_record
TN:
SF:src/components/charts/ProcessCpuTimeline.tsx
FN:24,formatTime
FN:29,ProcessCpuTimeline
FN:35,(anonymous_2)
FN:41,(anonymous_3)
FN:47,(anonymous_4)
FN:49,(anonymous_5)
FN:51,(anonymous_6)
FN:54,(anonymous_7)
FN:55,(anonymous_8)
FN:59,(anonymous_9)
FN:66,(anonymous_10)
FN:79,(anonymous_11)
FN:95,(anonymous_12)
FN:99,(anonymous_13)
FN:114,(anonymous_14)
FN:158,(anonymous_15)
FN:168,(anonymous_16)
FNF:17
FNH:0
FNDA:0,formatTime
FNDA:0,ProcessCpuTimeline
FNDA:0,(anonymous_2)
FNDA:0,(anonymous_3)
FNDA:0,(anonymous_4)
FNDA:0,(anonymous_5)
FNDA:0,(anonymous_6)
FNDA:0,(anonymous_7)
FNDA:0,(anonymous_8)
FNDA:0,(anonymous_9)
FNDA:0,(anonymous_10)
FNDA:0,(anonymous_11)
FNDA:0,(anonymous_12)
FNDA:0,(anonymous_13)
FNDA:0,(anonymous_14)
FNDA:0,(anonymous_15)
FNDA:0,(anonymous_16)
DA:22,0
DA:25,0
DA:26,0
DA:35,0
DA:36,0
DA:37,0
DA:38,0
DA:39,0
DA:41,0
DA:42,0
DA:43,0
DA:44,0
DA:47,0
DA:48,0
DA:49,0
DA:50,0
DA:51,0
DA:54,0
DA:55,0
DA:59,0
DA:60,0
DA:61,0
DA:63,0
DA:64,0
DA:66,0
DA:67,0
DA:68,0
DA:69,0
DA:70,0
DA:71,0
DA:72,0
DA:79,0
DA:80,0
DA:81,0
DA:82,0
DA:83,0
DA:84,0
DA:85,0
DA:86,0
DA:87,0
DA:88,0
DA:89,0
DA:90,0
DA:95,0
DA:96,0
DA:99,0
DA:100,0
DA:101,0
DA:102,0
DA:103,0
DA:104,0
DA:107,0
DA:108,0
DA:110,0
DA:114,0
DA:115,0
DA:158,0
DA:168,0
DA:176,0
LF:59
LH:0
BRDA:32,0,0,0
BRDA:33,1,0,0
BRDA:48,2,0,0
BRDA:48,2,1,0
BRDA:61,3,0,0
BRDA:61,3,1,0
BRDA:68,4,0,0
BRDA:68,4,1,0
BRDA:68,5,0,0
BRDA:68,5,1,0
BRDA:68,5,2,0
BRDA:71,6,0,0
BRDA:71,6,1,0
BRDA:81,7,0,0
BRDA:81,7,1,0
BRDA:81,8,0,0
BRDA:81,8,1,0
BRDA:83,9,0,0
BRDA:83,9,1,0
BRDA:86,10,0,0
BRDA:86,10,1,0
BRDA:86,11,0,0
BRDA:86,11,1,0
BRDA:89,12,0,0
BRDA:89,12,1,0
BRDA:89,13,0,0
BRDA:89,13,1,0
BRDA:101,14,0,0
BRDA:101,14,1,0
BRDA:102,15,0,0
BRDA:102,15,1,0
BRDA:110,16,0,0
BRDA:110,16,1,0
BRDA:179,17,0,0
BRDA:179,17,1,0
BRDA:184,18,0,0
BRDA:184,18,1,0
BRDA:184,18,2,0
BRF:38
BRH:0
end_of_record
TN:
SF:src/components/charts/ProcessTable.tsx
FN:22,Sparkline
FN:26,(anonymous_1)
FN:43,ProcessTable
FN:49,(anonymous_3)
FN:61,(anonymous_4)
FN:76,(anonymous_5)
FN:80,(anonymous_6)
FN:117,(anonymous_7)
FN:124,(anonymous_8)
FN:146,(anonymous_9)
FN:172,cpuColor
FN:179,formatMem
FNF:12
FNH:0
FNDA:0,Sparkline
FNDA:0,(anonymous_1)
FNDA:0,ProcessTable
FNDA:0,(anonymous_3)
FNDA:0,(anonymous_4)
FNDA:0,(anonymous_5)
FNDA:0,(anonymous_6)
FNDA:0,(anonymous_7)
FNDA:0,(anonymous_8)
FNDA:0,(anonymous_9)
FNDA:0,cpuColor
FNDA:0,formatMem
DA:23,0
DA:24,0
DA:25,0
DA:26,0
DA:27,0
DA:28,0
DA:29,0
DA:32,0
DA:39,0
DA:40,0
DA:41,0
DA:44,0
DA:45,0
DA:46,0
DA:47,0
DA:49,0
DA:50,0
DA:55,0
DA:56,0
DA:58,0
DA:59,0
DA:61,0
DA:62,0
DA:65,0
DA:71,0
DA:76,0
DA:77,0
DA:78,0
DA:80,0
DA:109,0
DA:117,0
DA:124,0
DA:146,0
DA:173,0
DA:174,0
DA:175,0
DA:176,0
DA:180,0
DA:181,0
DA:182,0
LF:40
LH:0
BRDA:22,0,0,0
BRDA:22,1,0,0
BRDA:23,2,0,0
BRDA:23,2,1,0
BRDA:50,3,0,0
BRDA:50,3,1,0
BRDA:58,4,0,0
BRDA:58,4,1,0
BRDA:59,5,0,0
BRDA:59,5,1,0
BRDA:82,6,0,0
BRDA:82,6,1,0
BRDA:83,7,0,0
BRDA:83,7,1,0
BRDA:93,8,0,0
BRDA:93,8,1,0
BRDA:118,9,0,0
BRDA:118,9,1,0
BRDA:125,10,0,0
BRDA:125,10,1,0
BRDA:135,11,0,0
BRDA:135,11,1,0
BRDA:136,12,0,0
BRDA:136,12,1,0
BRDA:141,13,0,0
BRDA:141,13,1,0
BRDA:141,13,2,0
BRDA:147,14,0,0
BRDA:147,14,1,0
BRDA:147,14,2,0
BRDA:152,15,0,0
BRDA:152,15,1,0
BRDA:163,16,0,0
BRDA:163,16,1,0
BRDA:173,17,0,0
BRDA:173,17,1,0
BRDA:174,18,0,0
BRDA:174,18,1,0
BRDA:175,19,0,0
BRDA:175,19,1,0
BRDA:180,20,0,0
BRDA:180,20,1,0
BRDA:181,21,0,0
BRDA:181,21,1,0
BRF:44
BRH:0
end_of_record
TN:
SF:src/components/charts/ProfileSnapshot.tsx
FN:34,getWorker
FN:40,(anonymous_1)
FN:52,buildFlameTreeAsync
FN:53,(anonymous_3)
FN:60,ProfileSnapshot
FN:72,(anonymous_5)
FN:76,(anonymous_6)
FN:82,(anonymous_7)
FN:92,(anonymous_8)
FN:93,(anonymous_9)
FN:94,(anonymous_10)
FN:97,(anonymous_11)
FN:107,(anonymous_12)
FN:110,(anonymous_13)
FN:120,(anonymous_14)
FN:128,(anonymous_15)
FN:133,(anonymous_16)
FN:145,(anonymous_17)
FN:151,(anonymous_18)
FN:160,(anonymous_19)
FN:169,(anonymous_20)
FN:213,(anonymous_21)
FN:226,(anonymous_22)
FN:242,FlameGraph
FN:263,(anonymous_24)
FN:265,(anonymous_25)
FN:299,cleanFrameName
FN:332,flattenToRows
FN:348,extractTopFunctions
FN:352,walk
FN:354,(anonymous_30)
FN:362,(anonymous_31)
FN:364,(anonymous_32)
FN:367,frameColor
FN:380,hashCode
FNF:35
FNH:0
FNDA:0,getWorker
FNDA:0,(anonymous_1)
FNDA:0,buildFlameTreeAsync
FNDA:0,(anonymous_3)
FNDA:0,ProfileSnapshot
FNDA:0,(anonymous_5)
FNDA:0,(anonymous_6)
FNDA:0,(anonymous_7)
FNDA:0,(anonymous_8)
FNDA:0,(anonymous_9)
FNDA:0,(anonymous_10)
FNDA:0,(anonymous_11)
FNDA:0,(anonymous_12)
FNDA:0,(anonymous_13)
FNDA:0,(anonymous_14)
FNDA:0,(anonymous_15)
FNDA:0,(anonymous_16)
FNDA:0,(anonymous_17)
FNDA:0,(anonymous_18)
FNDA:0,(anonymous_19)
FNDA:0,(anonymous_20)
FNDA:0,(anonymous_21)
FNDA:0,(anonymous_22)
FNDA:0,FlameGraph
FNDA:0,(anonymous_24)
FNDA:0,(anonymous_25)
FNDA:0,cleanFrameName
FNDA:0,flattenToRows
FNDA:0,extractTopFunctions
FNDA:0,walk
FNDA:0,(anonymous_30)
FNDA:0,(anonymous_31)
FNDA:0,(anonymous_32)
FNDA:0,frameColor
FNDA:0,hashCode
DA:31,0
DA:32,0
DA:35,0
DA:36,0
DA:40,0
DA:41,0
DA:42,0
DA:43,0
DA:44,0
DA:45,0
DA:49,0
DA:53,0
DA:54,0
DA:55,0
DA:56,0
DA:61,0
DA:62,0
DA:63,0
DA:64,0
DA:65,0
DA:66,0
DA:67,0
DA:68,0
DA:69,0
DA:70,0
DA:71,0
DA:72,0
DA:74,0
DA:76,0
DA:77,0
DA:79,0
DA:81,0
DA:83,0
DA:84,0
DA:85,0
DA:92,0
DA:93,0
DA:94,0
DA:97,0
DA:99,0
DA:100,0
DA:101,0
DA:102,0
DA:106,0
DA:107,0
DA:110,0
DA:111,0
DA:112,0
DA:113,0
DA:114,0
DA:115,0
DA:119,0
DA:120,0
DA:122,0
DA:125,0
DA:126,0
DA:127,0
DA:128,0
DA:133,0
DA:134,0
DA:135,0
DA:136,0
DA:140,0
DA:141,0
DA:145,0
DA:146,0
DA:147,0
DA:148,0
DA:151,0
DA:152,0
DA:153,0
DA:154,0
DA:157,0
DA:159,0
DA:160,0
DA:161,0
DA:162,0
DA:163,0
DA:164,0
DA:165,0
DA:169,0
DA:170,0
DA:171,0
DA:172,0
DA:176,0
DA:177,0
DA:180,0
DA:181,0
DA:196,0
DA:213,0
DA:227,0
DA:243,0
DA:244,0
DA:245,0
DA:246,0
DA:247,0
DA:249,0
DA:264,0
DA:266,0
DA:267,0
DA:268,0
DA:300,0
DA:301,0
DA:302,0
DA:305,0
DA:307,0
DA:308,0
DA:309,0
DA:310,0
DA:311,0
DA:314,0
DA:315,0
DA:318,0
DA:319,0
DA:322,0
DA:324,0
DA:325,0
DA:326,0
DA:329,0
DA:333,0
DA:334,0
DA:336,0
DA:337,0
DA:338,0
DA:339,0
DA:340,0
DA:341,0
DA:342,0
DA:345,0
DA:349,0
DA:350,0
DA:353,0
DA:354,0
DA:355,0
DA:357,0
DA:359,0
DA:361,0
DA:362,0
DA:364,0
DA:368,0
DA:369,0
DA:370,0
DA:371,0
DA:372,0
DA:373,0
DA:374,0
DA:375,0
DA:376,0
DA:377,0
DA:381,0
DA:382,0
DA:383,0
LF:152
LH:0
BRDA:35,0,0,0
BRDA:35,0,1,0
BRDA:43,1,0,0
BRDA:43,1,1,0
BRDA:77,2,0,0
BRDA:77,2,1,0
BRDA:83,3,0,0
BRDA:83,3,1,0
BRDA:84,4,0,0
BRDA:84,4,1,0
BRDA:86,5,0,0
BRDA:86,5,1,0
BRDA:87,6,0,0
BRDA:87,6,1,0
BRDA:88,7,0,0
BRDA:88,7,1,0
BRDA:89,8,0,0
BRDA:89,8,1,0
BRDA:89,9,0,0
BRDA:89,9,1,0
BRDA:99,10,0,0
BRDA:99,10,1,0
BRDA:101,11,0,0
BRDA:101,11,1,0
BRDA:112,12,0,0
BRDA:112,12,1,0
BRDA:119,13,0,0
BRDA:119,13,1,0
BRDA:120,14,0,0
BRDA:120,14,1,0
BRDA:126,15,0,0
BRDA:126,15,1,0
BRDA:134,16,0,0
BRDA:134,16,1,0
BRDA:152,17,0,0
BRDA:152,17,1,0
BRDA:153,18,0,0
BRDA:153,18,1,0
BRDA:157,19,0,0
BRDA:157,19,1,0
BRDA:162,20,0,0
BRDA:162,20,1,0
BRDA:163,21,0,0
BRDA:163,21,1,0
BRDA:164,22,0,0
BRDA:164,22,1,0
BRDA:171,23,0,0
BRDA:171,23,1,0
BRDA:176,24,0,0
BRDA:176,24,1,0
BRDA:180,25,0,0
BRDA:180,25,1,0
BRDA:180,26,0,0
BRDA:180,26,1,0
BRDA:184,27,0,0
BRDA:184,27,1,0
BRDA:200,28,0,0
BRDA:200,28,1,0
BRDA:201,29,0,0
BRDA:201,29,1,0
BRDA:207,30,0,0
BRDA:207,30,1,0
BRDA:209,31,0,0
BRDA:209,31,1,0
BRDA:267,32,0,0
BRDA:267,32,1,0
BRDA:289,33,0,0
BRDA:289,33,1,0
BRDA:300,34,0,0
BRDA:300,34,1,0
BRDA:300,35,0,0
BRDA:300,35,1,0
BRDA:301,36,0,0
BRDA:301,36,1,0
BRDA:301,37,0,0
BRDA:301,37,1,0
BRDA:302,38,0,0
BRDA:302,38,1,0
BRDA:308,39,0,0
BRDA:308,39,1,0
BRDA:310,40,0,0
BRDA:310,40,1,0
BRDA:314,41,0,0
BRDA:314,41,1,0
BRDA:315,42,0,0
BRDA:315,42,1,0
BRDA:318,43,0,0
BRDA:318,43,1,0
BRDA:325,44,0,0
BRDA:325,44,1,0
BRDA:325,45,0,0
BRDA:325,45,1,0
BRDA:338,46,0,0
BRDA:338,46,1,0
BRDA:339,47,0,0
BRDA:339,47,1,0
BRDA:341,48,0,0
BRDA:341,48,1,0
BRDA:350,49,0,0
BRDA:350,49,1,0
BRDA:353,50,0,0
BRDA:353,50,1,0
BRDA:354,51,0,0
BRDA:354,51,1,0
BRDA:355,52,0,0
BRDA:355,52,1,0
BRDA:355,53,0,0
BRDA:355,53,1,0
BRDA:357,54,0,0
BRDA:357,54,1,0
BRDA:368,55,0,0
BRDA:368,55,1,0
BRDA:369,56,0,0
BRDA:369,56,1,0
BRDA:369,57,0,0
BRDA:369,57,1,0
BRDA:370,58,0,0
BRDA:370,58,1,0
BRDA:370,59,0,0
BRDA:370,59,1,0
BRDA:371,60,0,0
BRDA:371,60,1,0
BRDA:371,61,0,0
BRDA:371,61,1,0
BRDA:371,61,2,0
BRDA:372,62,0,0
BRDA:372,62,1,0
BRDA:372,63,0,0
BRDA:372,63,1,0
BRDA:373,64,0,0
BRDA:373,64,1,0
BRDA:373,65,0,0
BRDA:373,65,1,0
BRF:133
BRH:0
end_of_record
TN:
SF:src/components/charts/StackedAreaChart.tsx
FN:35,formatTime
FN:40,StackedAreaChart
FN:41,(anonymous_2)
FN:43,(anonymous_3)
FN:45,(anonymous_4)
FN:48,(anonymous_5)
FN:49,(anonymous_6)
FN:53,(anonymous_7)
FN:67,(anonymous_8)
FN:78,(anonymous_9)
FN:99,(anonymous_10)
FN:106,(anonymous_11)
FNF:12
FNH:0
FNDA:0,formatTime
FNDA:0,StackedAreaChart
FNDA:0,(anonymous_2)
FNDA:0,(anonymous_3)
FNDA:0,(anonymous_4)
FNDA:0,(anonymous_5)
FNDA:0,(anonymous_6)
FNDA:0,(anonymous_7)
FNDA:0,(anonymous_8)
FNDA:0,(anonymous_9)
FNDA:0,(anonymous_10)
FNDA:0,(anonymous_11)
DA:24,0
DA:33,0
DA:36,0
DA:37,0
DA:41,0
DA:42,0
DA:43,0
DA:44,0
DA:45,0
DA:48,0
DA:49,0
DA:53,0
DA:54,0
DA:55,0
DA:56,0
DA:57,0
DA:58,0
DA:59,0
DA:60,0
DA:61,0
DA:64,0
DA:67,0
DA:68,0
DA:78,0
DA:99,0
DA:106,0
DA:113,0
LF:27
LH:0
BRDA:40,0,0,0
BRDA:40,1,0,0
BRDA:42,2,0,0
BRDA:42,2,1,0
BRDA:55,3,0,0
BRDA:55,3,1,0
BRDA:56,4,0,0
BRDA:56,4,1,0
BRDA:57,5,0,0
BRDA:57,5,1,0
BRDA:60,6,0,0
BRDA:60,6,1,0
BRDA:106,7,0,0
BRDA:106,7,1,0
BRF:14
BRH:0
end_of_record
TN:
SF:src/components/charts/SummaryCards.tsx
FN:14,SummaryCards
FN:23,(anonymous_1)
FN:72,cpuColor
FN:78,formatNum
FNF:4
FNH:0
FNDA:0,SummaryCards
FNDA:0,(anonymous_1)
FNDA:0,cpuColor
FNDA:0,formatNum
DA:15,0
DA:20,0
DA:21,0
DA:24,0
DA:33,0
DA:73,0
DA:74,0
DA:75,0
DA:79,0
DA:80,0
DA:81,0
LF:11
LH:0
BRDA:20,0,0,0
BRDA:20,0,1,0
BRDA:73,1,0,0
BRDA:73,1,1,0
BRDA:74,2,0,0
BRDA:74,2,1,0
BRDA:79,3,0,0
BRDA:79,3,1,0
BRDA:80,4,0,0
BRDA:80,4,1,0
BRF:10
BRH:0
end_of_record
TN:
SF:src/components/charts/ThreadBreakdown.tsx
FN:18,MiniSparkline
FN:35,ThreadBreakdown
FN:40,(anonymous_2)
FN:41,(anonymous_3)
FN:51,(anonymous_4)
FN:94,(anonymous_5)
FN:140,cpuColor
FN:147,stateColor
FNF:8
FNH:0
FNDA:0,MiniSparkline
FNDA:0,ThreadBreakdown
FNDA:0,(anonymous_2)
FNDA:0,(anonymous_3)
FNDA:0,(anonymous_4)
FNDA:0,(anonymous_5)
FNDA:0,cpuColor
FNDA:0,stateColor
DA:19,0
DA:20,0
DA:31,0
DA:32,0
DA:33,0
DA:36,0
DA:37,0
DA:38,0
DA:40,0
DA:41,0
DA:45,0
DA:46,0
DA:48,0
DA:49,0
DA:51,0
DA:52,0
DA:55,0
DA:56,0
DA:63,0
DA:95,0
DA:131,0
DA:136,0
DA:141,0
DA:142,0
DA:143,0
DA:144,0
DA:148,0
DA:149,0
DA:150,0
DA:151,0
DA:152,0
LF:31
LH:0
BRDA:18,0,0,0
BRDA:24,1,0,0
BRDA:24,1,1,0
BRDA:24,2,0,0
BRDA:24,2,1,0
BRDA:48,3,0,0
BRDA:48,3,1,0
BRDA:49,4,0,0
BRDA:49,4,1,0
BRDA:55,5,0,0
BRDA:55,5,1,0
BRDA:83,6,0,0
BRDA:83,6,1,0
BRDA:84,7,0,0
BRDA:84,7,1,0
BRDA:89,8,0,0
BRDA:89,8,1,0
BRDA:89,8,2,0
BRDA:98,9,0,0
BRDA:98,9,1,0
BRDA:113,10,0,0
BRDA:113,10,1,0
BRDA:113,10,2,0
BRDA:122,11,0,0
BRDA:122,11,1,0
BRDA:141,12,0,0
BRDA:141,12,1,0
BRDA:142,13,0,0
BRDA:142,13,1,0
BRDA:143,14,0,0
BRDA:143,14,1,0
BRDA:148,15,0,0
BRDA:148,15,1,0
BRDA:148,15,2,0
BRDA:148,15,3,0
BRF:35
BRH:0
end_of_record
TN:
SF:src/components/shared/ConnectionStatus.tsx
FN:15,ConnectionStatus
FN:21,(anonymous_1)
FN:22,(anonymous_2)
FN:23,(anonymous_3)
FN:31,(anonymous_4)
FN:58,(anonymous_5)
FNF:6
FNH:3
FNDA:6,ConnectionStatus
FNDA:4,(anonymous_1)
FNDA:0,(anonymous_2)
FNDA:0,(anonymous_3)
FNDA:4,(anonymous_4)
FNDA:0,(anonymous_5)
DA:6,2
DA:16,6
DA:17,6
DA:18,6
DA:19,6
DA:21,6
DA:22,4
DA:23,0
DA:24,0
DA:25,0
DA:26,0
DA:28,0
DA:31,4
DA:32,4
DA:36,6
DA:37,6
DA:39,6
DA:58,0
LF:18
LH:12
BRDA:24,0,0,0
BRDA:24,0,1,0
BRDA:26,1,0,0
BRDA:26,1,1,0
BRDA:32,2,0,4
BRDA:32,2,1,0
BRDA:36,3,0,6
BRDA:36,3,1,0
BRDA:37,4,0,0
BRDA:37,4,1,6
BRDA:49,5,0,0
BRDA:49,5,1,6
BRDA:52,6,0,6
BRDA:52,6,1,0
BRDA:52,6,2,0
BRDA:55,7,0,6
BRDA:55,7,1,0
BRDA:55,7,2,6
BRF:18
BRH:7
end_of_record
TN:
SF:src/components/shared/ControlBar.tsx
FN:37,btnStyle
FN:59,ControlBar
FN:72,(anonymous_2)
FN:92,(anonymous_3)
FN:93,(anonymous_4)
FN:95,(anonymous_5)
FN:96,(anonymous_6)
FN:98,(anonymous_7)
FN:99,(anonymous_8)
FN:101,(anonymous_9)
FN:102,(anonymous_10)
FNF:11
FNH:11
FNDA:83,btnStyle
FNDA:51,ControlBar
FNDA:9,(anonymous_2)
FNDA:5,(anonymous_3)
FNDA:4,(anonymous_4)
FNDA:1,(anonymous_5)
FNDA:1,(anonymous_6)
FNDA:1,(anonymous_7)
FNDA:1,(anonymous_8)
FNDA:2,(anonymous_9)
FNDA:1,(anonymous_10)
DA:27,4
DA:38,83
DA:69,51
DA:70,51
DA:72,51
DA:76,9
DA:77,9
DA:78,9
DA:79,9
DA:80,2
DA:82,7
DA:85,1
DA:86,1
DA:88,9
DA:92,51
DA:93,5
DA:95,51
DA:96,1
DA:98,51
DA:99,1
DA:101,51
DA:102,2
DA:104,51
LF:23
LH:23
BRDA:43,0,0,13
BRDA:43,0,1,70
BRDA:44,1,0,13
BRDA:44,1,1,70
BRDA:66,2,0,51
BRDA:79,3,0,2
BRDA:79,3,1,7
BRDA:85,4,0,1
BRDA:85,4,1,0
BRDA:106,5,0,51
BRDA:106,5,1,13
BRDA:112,6,0,51
BRDA:112,6,1,27
BRDA:120,7,0,27
BRDA:120,7,1,26
BRDA:126,8,0,51
BRDA:126,8,1,5
BRDA:137,9,0,51
BRDA:137,9,1,6
BRDA:145,10,0,51
BRDA:145,10,1,1
BRF:21
BRH:20
end_of_record
TN:
SF:src/components/shared/DataEmptyState.tsx
FN:24,DataEmptyState
FNF:1
FNH:0
FNDA:0,DataEmptyState
DA:31,0
LF:1
LH:0
BRDA:25,0,0,0
BRDA:29,1,0,0
BRDA:36,2,0,0
BRDA:36,2,1,0
BRDA:43,3,0,0
BRDA:43,3,1,0
BRDA:45,4,0,0
BRDA:45,4,1,0
BRDA:51,5,0,0
BRDA:51,5,1,0
BRDA:55,6,0,0
BRDA:55,6,1,0
BRDA:57,7,0,0
BRDA:57,7,1,0
BRF:14
BRH:0
end_of_record
TN:
SF:src/components/shared/EmptyChart.tsx
FN:8,EmptyChart
FNF:1
FNH:1
FNDA:3,EmptyChart
DA:9,3
LF:1
LH:1
BRDA:8,0,0,3
BRF:1
BRH:1
end_of_record
TN:
SF:src/components/shared/ErrorBoundary.tsx
FN:21,constructor
FN:26,getDerivedStateFromError
FN:30,componentDidCatch
FN:34,(anonymous_3)
FN:38,render
FNF:5
FNH:4
FNDA:19,constructor
FNDA:18,getDerivedStateFromError
FNDA:1,componentDidCatch
FNDA:0,(anonymous_3)
FNDA:21,render
DA:22,19
DA:23,19
DA:27,2
DA:31,1
DA:34,0
DA:35,0
DA:39,21
DA:40,2
DA:42,2
DA:69,19
LF:10
LH:8
BRDA:39,0,0,2
BRDA:39,0,1,19
BRDA:40,1,0,0
BRDA:40,1,1,2
BRDA:53,2,0,2
BRDA:53,2,1,0
BRF:6
BRH:4
end_of_record
TN:
SF:src/components/shared/FeaturePageTemplate.tsx
FN:36,healthToDriverState
FN:45,formatUptime
FN:68,FeaturePageTemplate
FN:82,(anonymous_3)
FN:118,(anonymous_4)
FNF:5
FNH:5
FNDA:19,healthToDriverState
FNDA:18,formatUptime
FNDA:20,FeaturePageTemplate
FNDA:19,(anonymous_3)
FNDA:8,(anonymous_4)
DA:37,19
DA:38,2
DA:40,17
DA:41,1
DA:42,0
DA:46,18
DA:47,18
DA:48,1
DA:49,0
DA:78,20
DA:79,20
DA:80,20
DA:82,20
DA:83,19
DA:84,4
DA:86,15
DA:89,20
DA:118,8
LF:18
LH:16
BRDA:37,0,0,2
BRDA:37,0,1,17
BRDA:37,1,0,19
BRDA:37,1,1,19
BRDA:37,1,2,17
BRDA:40,2,0,16
BRDA:40,2,1,1
BRDA:41,3,0,1
BRDA:41,3,1,0
BRDA:47,4,0,17
BRDA:47,4,1,1
BRDA:48,5,0,1
BRDA:48,5,1,0
BRDA:75,6,0,20
BRDA:76,7,0,20
BRDA:80,8,0,20
BRDA:80,8,1,15
BRDA:83,9,0,4
BRDA:83,9,1,15
BRDA:105,10,0,20
BRDA:105,10,1,3
BRDA:109,11,0,20
BRDA:109,11,1,18
BRDA:116,12,0,20
BRDA:116,12,1,4
BRDA:116,12,2,4
BRDA:132,13,0,20
BRDA:132,13,1,18
BRDA:149,14,0,18
BRDA:149,14,1,2
BRDA:154,15,0,18
BRDA:154,15,1,0
BRDA:157,16,0,0
BRDA:157,16,1,0
BRDA:157,17,0,0
BRDA:157,17,1,0
BRF:36
BRH:29
end_of_record
TN:
SF:src/components/shared/Sparkline.tsx
FN:8,Sparkline
FN:12,(anonymous_1)
FNF:2
FNH:2
FNDA:3,Sparkline
FNDA:7,(anonymous_1)
DA:9,3
DA:10,2
DA:11,2
DA:12,7
DA:14,2
LF:5
LH:5
BRDA:8,0,0,3
BRDA:8,1,0,3
BRDA:9,2,0,1
BRDA:9,2,1,2
BRF:4
BRH:4
end_of_record
TN:
SF:src/components/shared/StateIndicator.tsx
FN:16,StateIndicator
FNF:1
FNH:1
FNDA:19,StateIndicator
DA:5,3
DA:17,19
DA:18,19
LF:3
LH:3
BRDA:23,0,0,16
BRDA:23,0,1,3
BRDA:24,1,0,16
BRDA:24,1,1,3
BRF:4
BRH:4
end_of_record
TN:
SF:src/components/shared/SummaryCard.tsx
FN:9,SummaryCard
FNF:1
FNH:1
FNDA:3,SummaryCard
DA:10,3
LF:1
LH:1
BRDA:16,0,0,3
BRDA:16,0,1,2
BRF:2
BRH:2
end_of_record
TN:
SF:src/components/shared/index.ts
FNF:0
FNH:0
LF:0
LH:0
BRF:0
BRH:0
end_of_record
TN:
SF:src/hooks/useCpuData.ts
FN:19,parseCpuUtilization
FN:55,(anonymous_1)
FN:72,transformCpuUtilization
FN:78,useCpuUtilization
FN:84,(anonymous_4)
FN:93,(anonymous_5)
FN:106,(anonymous_6)
FN:117,parseCpuProcesses
FN:144,transformCpuProcesses
FN:150,useCpuProcesses
FN:153,(anonymous_10)
FN:158,(anonymous_11)
FN:163,(anonymous_12)
FN:168,(anonymous_13)
FNF:14
FNH:13
FNDA:5,parseCpuUtilization
FNDA:10,(anonymous_1)
FNDA:5,transformCpuUtilization
FNDA:17,useCpuUtilization
FNDA:17,(anonymous_4)
FNDA:10,(anonymous_5)
FNDA:1,(anonymous_6)
FNDA:3,parseCpuProcesses
FNDA:3,transformCpuProcesses
FNDA:10,useCpuProcesses
FNDA:10,(anonymous_10)
FNDA:3,(anonymous_11)
FNDA:6,(anonymous_12)
FNDA:0,(anonymous_13)
DA:20,5
DA:21,5
DA:22,5
DA:23,5
DA:25,5
DA:26,25
DA:27,25
DA:28,5
DA:29,20
DA:30,10
DA:34,10
DA:35,5
DA:36,5
DA:37,5
DA:41,5
DA:42,5
DA:43,5
DA:55,5
DA:56,10
DA:60,5
DA:73,5
DA:74,5
DA:75,5
DA:79,17
DA:80,17
DA:81,17
DA:82,17
DA:83,17
DA:84,17
DA:86,17
DA:93,17
DA:94,10
DA:95,5
DA:96,5
DA:97,5
DA:99,5
DA:100,5
DA:101,5
DA:103,5
DA:106,17
DA:107,1
DA:108,1
DA:109,1
DA:110,1
DA:111,1
DA:114,17
DA:118,3
DA:119,3
DA:120,6
DA:121,6
DA:122,6
DA:124,6
DA:125,6
DA:126,6
DA:127,6
DA:129,6
DA:141,3
DA:145,3
DA:146,3
DA:147,3
DA:151,10
DA:152,10
DA:153,10
DA:155,10
DA:156,10
DA:158,3
DA:163,10
DA:164,6
DA:165,3
DA:168,10
DA:169,0
DA:170,0
DA:173,10
LF:73
LH:71
BRDA:27,0,0,5
BRDA:27,0,1,20
BRDA:29,1,0,10
BRDA:29,1,1,10
BRDA:31,2,0,10
BRDA:31,2,1,0
BRDA:32,3,0,10
BRDA:32,3,1,0
BRDA:34,4,0,5
BRDA:34,4,1,5
BRDA:35,5,0,5
BRDA:35,5,1,0
BRDA:36,6,0,5
BRDA:36,6,1,0
BRDA:37,7,0,5
BRDA:37,7,1,0
BRDA:42,8,0,5
BRDA:42,8,1,0
BRDA:45,9,0,5
BRDA:45,9,1,0
BRDA:46,10,0,5
BRDA:46,10,1,0
BRDA:47,11,0,5
BRDA:47,11,1,0
BRDA:48,12,0,5
BRDA:48,12,1,0
BRDA:49,13,0,5
BRDA:49,13,1,0
BRDA:50,14,0,5
BRDA:50,14,1,0
BRDA:51,15,0,5
BRDA:51,15,1,0
BRDA:56,16,0,5
BRDA:56,16,1,5
BRDA:62,17,0,5
BRDA:62,17,1,0
BRDA:64,18,0,5
BRDA:64,18,1,0
BRDA:74,19,0,0
BRDA:74,19,1,5
BRDA:78,20,0,17
BRDA:89,21,0,17
BRDA:89,21,1,15
BRDA:94,22,0,5
BRDA:94,22,1,5
BRDA:95,23,0,5
BRDA:95,23,1,0
BRDA:99,24,0,5
BRDA:99,24,1,0
BRDA:120,25,0,0
BRDA:120,25,1,6
BRDA:121,26,0,6
BRDA:121,26,1,0
BRDA:122,27,0,6
BRDA:122,27,1,0
BRDA:124,28,0,6
BRDA:124,28,1,4
BRDA:126,29,0,0
BRDA:126,29,1,6
BRDA:131,30,0,6
BRDA:131,30,1,0
BRDA:133,31,0,6
BRDA:133,31,1,0
BRDA:134,32,0,6
BRDA:134,32,1,0
BRDA:135,33,0,6
BRDA:135,33,1,0
BRDA:136,34,0,6
BRDA:136,34,1,0
BRDA:137,35,0,6
BRDA:137,35,1,0
BRDA:146,36,0,0
BRDA:146,36,1,3
BRDA:150,37,0,10
BRDA:159,38,0,10
BRDA:159,38,1,8
BRDA:164,39,0,3
BRDA:164,39,1,3
BRF:78
BRH:49
end_of_record
TN:
SF:src/hooks/useDataSource.ts
FN:9,ensureStatusWiring
FN:11,(anonymous_1)
FN:16,getDataSource
FN:21,useConnectionStatus
FN:22,(anonymous_4)
FN:26,(anonymous_5)
FN:29,(anonymous_6)
FN:62,useDataSource
FN:77,(anonymous_8)
FN:84,(anonymous_9)
FN:91,(anonymous_10)
FN:96,(anonymous_11)
FN:100,(anonymous_12)
FN:102,(anonymous_13)
FN:105,(anonymous_14)
FN:109,(anonymous_15)
FN:117,(anonymous_16)
FN:138,(anonymous_17)
FN:144,(anonymous_18)
FNF:19
FNH:10
FNDA:130,ensureStatusWiring
FNDA:0,(anonymous_1)
FNDA:99,getDataSource
FNDA:0,useConnectionStatus
FNDA:0,(anonymous_4)
FNDA:0,(anonymous_5)
FNDA:0,(anonymous_6)
FNDA:102,useDataSource
FNDA:31,(anonymous_8)
FNDA:56,(anonymous_9)
FNDA:0,(anonymous_10)
FNDA:0,(anonymous_11)
FNDA:31,(anonymous_12)
FNDA:0,(anonymous_13)
FNDA:31,(anonymous_14)
FNDA:31,(anonymous_15)
FNDA:32,(anonymous_16)
FNDA:0,(anonymous_17)
FNDA:24,(anonymous_18)
DA:5,6
DA:7,6
DA:10,130
DA:11,6
DA:12,0
DA:17,99
DA:18,99
DA:22,0
DA:23,0
DA:26,0
DA:27,0
DA:28,0
DA:29,0
DA:32,0
DA:53,6
DA:54,6
DA:70,102
DA:72,102
DA:73,102
DA:74,102
DA:75,102
DA:76,102
DA:77,102
DA:78,102
DA:79,102
DA:80,102
DA:82,102
DA:84,102
DA:85,56
DA:86,1
DA:87,1
DA:91,102
DA:92,0
DA:93,0
DA:94,0
DA:96,0
DA:100,102
DA:101,31
DA:102,31
DA:103,31
DA:104,31
DA:105,31
DA:109,102
DA:110,31
DA:111,7
DA:112,7
DA:115,24
DA:117,24
DA:118,32
DA:119,32
DA:120,32
DA:122,31
DA:123,31
DA:124,1
DA:127,31
DA:128,31
DA:129,31
DA:130,31
DA:131,31
DA:133,1
DA:134,1
DA:135,1
DA:137,1
DA:138,1
DA:139,0
DA:144,24
DA:145,24
DA:146,24
DA:150,102
LF:69
LH:56
BRDA:10,0,0,124
BRDA:10,0,1,6
BRDA:66,1,0,102
BRDA:68,2,0,102
BRDA:69,3,0,102
BRDA:72,4,0,102
BRDA:72,4,1,99
BRDA:85,5,0,1
BRDA:85,5,1,55
BRDA:110,6,0,7
BRDA:110,6,1,24
BRDA:120,7,0,0
BRDA:120,7,1,32
BRDA:123,8,0,1
BRDA:123,8,1,30
BRDA:133,9,0,1
BRDA:133,9,1,0
BRF:17
BRH:15
end_of_record
TN:
SF:src/hooks/useFeatureHealth.ts
FN:50,useFeatureHealth
FN:56,(anonymous_1)
FN:61,(anonymous_2)
FN:79,(anonymous_3)
FN:84,(anonymous_4)
FN:85,(anonymous_5)
FN:91,(anonymous_6)
FN:95,(anonymous_7)
FN:102,(anonymous_8)
FN:105,(anonymous_9)
FN:136,(anonymous_10)
FN:144,(anonymous_11)
FNF:12
FNH:0
FNDA:0,useFeatureHealth
FNDA:0,(anonymous_1)
FNDA:0,(anonymous_2)
FNDA:0,(anonymous_3)
FNDA:0,(anonymous_4)
FNDA:0,(anonymous_5)
FNDA:0,(anonymous_6)
FNDA:0,(anonymous_7)
FNDA:0,(anonymous_8)
FNDA:0,(anonymous_9)
FNDA:0,(anonymous_10)
FNDA:0,(anonymous_11)
DA:23,1
DA:38,1
DA:39,1
DA:40,1
DA:51,0
DA:52,0
DA:53,0
DA:54,0
DA:56,0
DA:57,0
DA:61,0
DA:62,0
DA:63,0
DA:64,0
DA:67,0
DA:68,0
DA:70,0
DA:71,0
DA:73,0
DA:74,0
DA:76,0
DA:79,0
DA:80,0
DA:81,0
DA:82,0
DA:83,0
DA:84,0
DA:85,0
DA:88,0
DA:90,0
DA:91,0
DA:92,0
DA:95,0
DA:96,0
DA:97,0
DA:98,0
DA:102,0
DA:103,0
DA:105,0
DA:106,0
DA:107,0
DA:108,0
DA:110,0
DA:111,0
DA:112,0
DA:113,0
DA:115,0
DA:116,0
DA:117,0
DA:119,0
DA:121,0
DA:135,0
DA:136,0
DA:142,0
DA:143,0
DA:144,0
DA:145,0
DA:146,0
DA:150,0
LF:59
LH:4
BRDA:67,0,0,0
BRDA:67,0,1,0
BRDA:67,1,0,0
BRDA:67,1,1,0
BRDA:70,2,0,0
BRDA:70,2,1,0
BRDA:73,3,0,0
BRDA:73,3,1,0
BRDA:108,4,0,0
BRDA:108,4,1,0
BRDA:110,5,0,0
BRDA:110,5,1,0
BRDA:111,6,0,0
BRDA:111,6,1,0
BRDA:112,7,0,0
BRDA:112,7,1,0
BRDA:113,8,0,0
BRDA:113,8,1,0
BRDA:117,9,0,0
BRDA:117,9,1,0
BRDA:122,10,0,0
BRDA:122,10,1,0
BRDA:123,11,0,0
BRDA:123,11,1,0
BRDA:124,12,0,0
BRDA:124,12,1,0
BRDA:125,13,0,0
BRDA:125,13,1,0
BRDA:126,14,0,0
BRDA:126,14,1,0
BRF:30
BRH:0
end_of_record
TN:
SF:src/hooks/useFeatureStream.ts
FN:6,useFeatureList
FN:10,(anonymous_1)
FN:21,(anonymous_2)
FN:24,(anonymous_3)
FNF:4
FNH:1
FNDA:7,useFeatureList
FNDA:0,(anonymous_1)
FNDA:0,(anonymous_2)
FNDA:0,(anonymous_3)
DA:7,7
DA:8,7
DA:10,7
DA:11,0
DA:12,0
DA:13,0
DA:17,0
DA:21,0
DA:22,0
DA:23,0
DA:24,0
DA:27,0
LF:12
LH:3
BRDA:13,0,0,0
BRDA:13,0,1,0
BRF:2
BRH:0
end_of_record
TN:
SF:src/hooks/useGpuData.ts
FN:34,transformGpuMonitor
FN:67,useGpuMonitor
FN:71,(anonymous_2)
FN:80,(anonymous_3)
FN:87,(anonymous_4)
FN:96,transformGpuProcesses
FN:117,(anonymous_6)
FN:121,useGpuProcesses
FN:124,(anonymous_8)
FN:129,(anonymous_9)
FN:134,(anonymous_10)
FN:139,(anonymous_11)
FNF:12
FNH:12
FNDA:4,transformGpuMonitor
FNDA:14,useGpuMonitor
FNDA:14,(anonymous_2)
FNDA:8,(anonymous_3)
FNDA:1,(anonymous_4)
FNDA:5,transformGpuProcesses
FNDA:4,(anonymous_6)
FNDA:14,useGpuProcesses
FNDA:14,(anonymous_8)
FNDA:5,(anonymous_9)
FNDA:8,(anonymous_10)
FNDA:1,(anonymous_11)
DA:35,4
DA:36,4
DA:38,4
DA:39,4
DA:40,4
DA:42,4
DA:43,6
DA:44,6
DA:45,4
DA:46,4
DA:47,2
DA:48,1
DA:49,1
DA:50,1
DA:51,1
DA:52,1
DA:56,4
DA:61,4
DA:64,4
DA:68,14
DA:69,14
DA:70,14
DA:71,14
DA:73,14
DA:80,14
DA:81,8
DA:82,4
DA:83,4
DA:84,4
DA:87,14
DA:88,1
DA:89,1
DA:90,1
DA:93,14
DA:97,5
DA:98,5
DA:100,5
DA:101,5
DA:102,7
DA:103,7
DA:104,7
DA:106,7
DA:107,7
DA:108,7
DA:109,7
DA:111,7
DA:117,5
DA:118,5
DA:122,14
DA:123,14
DA:124,14
DA:126,14
DA:127,14
DA:129,5
DA:134,14
DA:135,8
DA:136,5
DA:139,14
DA:140,1
DA:141,1
DA:144,14
LF:61
LH:61
BRDA:36,0,0,0
BRDA:36,0,1,4
BRDA:44,1,0,4
BRDA:44,1,1,2
BRDA:45,2,0,4
BRDA:45,2,1,0
BRDA:46,3,0,4
BRDA:46,3,1,0
BRDA:47,4,0,1
BRDA:47,4,1,1
BRDA:48,5,0,1
BRDA:48,5,1,0
BRDA:49,6,0,1
BRDA:49,6,1,0
BRDA:50,7,0,1
BRDA:50,7,1,0
BRDA:51,8,0,1
BRDA:51,8,1,0
BRDA:52,9,0,1
BRDA:52,9,1,0
BRDA:67,10,0,14
BRDA:76,11,0,14
BRDA:76,11,1,12
BRDA:81,12,0,4
BRDA:81,12,1,4
BRDA:98,13,0,0
BRDA:98,13,1,5
BRDA:102,14,0,0
BRDA:102,14,1,7
BRDA:103,15,0,7
BRDA:103,15,1,0
BRDA:104,16,0,7
BRDA:104,16,1,0
BRDA:106,17,0,7
BRDA:106,17,1,5
BRDA:108,18,0,0
BRDA:108,18,1,7
BRDA:112,19,0,7
BRDA:112,19,1,0
BRDA:113,20,0,7
BRDA:113,20,1,0
BRDA:121,21,0,14
BRDA:130,22,0,14
BRDA:130,22,1,14
BRDA:135,23,0,3
BRDA:135,23,1,5
BRF:46
BRH:31
end_of_record
TN:
SF:src/hooks/useIoData.ts
FN:34,transformIoMonitor
FN:67,useIoMonitor
FN:71,(anonymous_2)
FN:80,(anonymous_3)
FN:87,(anonymous_4)
FN:96,transformIoProcesses
FN:118,(anonymous_6)
FN:122,useIoProcesses
FN:125,(anonymous_8)
FN:130,(anonymous_9)
FN:135,(anonymous_10)
FN:140,(anonymous_11)
FN:148,formatBytes
FNF:13
FNH:11
FNDA:2,transformIoMonitor
FNDA:9,useIoMonitor
FNDA:9,(anonymous_2)
FNDA:5,(anonymous_3)
FNDA:1,(anonymous_4)
FNDA:1,transformIoProcesses
FNDA:1,(anonymous_6)
FNDA:3,useIoProcesses
FNDA:3,(anonymous_8)
FNDA:1,(anonymous_9)
FNDA:2,(anonymous_10)
FNDA:0,(anonymous_11)
FNDA:0,formatBytes
DA:35,2
DA:36,2
DA:38,2
DA:39,2
DA:40,2
DA:41,2
DA:43,2
DA:44,3
DA:45,3
DA:46,2
DA:47,2
DA:48,2
DA:49,2
DA:50,1
DA:51,1
DA:52,1
DA:56,2
DA:61,2
DA:64,2
DA:68,9
DA:69,9
DA:70,9
DA:71,9
DA:73,9
DA:80,9
DA:81,5
DA:82,2
DA:83,2
DA:84,2
DA:87,9
DA:88,1
DA:89,1
DA:90,1
DA:93,9
DA:97,1
DA:98,1
DA:100,1
DA:101,1
DA:102,2
DA:103,2
DA:104,2
DA:106,2
DA:107,2
DA:108,2
DA:109,2
DA:111,2
DA:118,1
DA:119,1
DA:123,3
DA:124,3
DA:125,3
DA:127,3
DA:128,3
DA:130,1
DA:135,3
DA:136,2
DA:137,1
DA:140,3
DA:141,0
DA:142,0
DA:145,3
DA:149,0
DA:150,0
DA:151,0
DA:152,0
LF:65
LH:59
BRDA:36,0,0,0
BRDA:36,0,1,2
BRDA:45,1,0,2
BRDA:45,1,1,1
BRDA:46,2,0,2
BRDA:46,2,1,0
BRDA:47,3,0,2
BRDA:47,3,1,0
BRDA:48,4,0,2
BRDA:48,4,1,0
BRDA:49,5,0,2
BRDA:49,5,1,0
BRDA:50,6,0,1
BRDA:50,6,1,0
BRDA:51,7,0,1
BRDA:51,7,1,0
BRDA:52,8,0,1
BRDA:52,8,1,0
BRDA:67,9,0,9
BRDA:76,10,0,9
BRDA:76,10,1,7
BRDA:81,11,0,3
BRDA:81,11,1,2
BRDA:98,12,0,0
BRDA:98,12,1,1
BRDA:102,13,0,0
BRDA:102,13,1,2
BRDA:103,14,0,2
BRDA:103,14,1,0
BRDA:104,15,0,2
BRDA:104,15,1,0
BRDA:106,16,0,2
BRDA:106,16,1,2
BRDA:108,17,0,0
BRDA:108,17,1,2
BRDA:112,18,0,2
BRDA:112,18,1,0
BRDA:113,19,0,2
BRDA:113,19,1,0
BRDA:114,20,0,2
BRDA:114,20,1,0
BRDA:122,21,0,3
BRDA:131,22,0,3
BRDA:131,22,1,3
BRDA:136,23,0,1
BRDA:136,23,1,1
BRDA:149,24,0,0
BRDA:149,24,1,0
BRDA:150,25,0,0
BRDA:150,25,1,0
BRDA:151,26,0,0
BRDA:151,26,1,0
BRF:52
BRH:30
end_of_record
TN:
SF:src/hooks/useMemoryData.ts
FN:36,transformMemoryUtilization
FN:74,useMemoryUtilization
FN:78,(anonymous_2)
FN:86,(anonymous_3)
FN:93,(anonymous_4)
FN:102,transformMemoryProcesses
FN:129,(anonymous_6)
FN:133,useMemoryProcesses
FN:136,(anonymous_8)
FN:141,(anonymous_9)
FN:145,(anonymous_10)
FN:150,(anonymous_11)
FNF:12
FNH:11
FNDA:2,transformMemoryUtilization
FNDA:9,useMemoryUtilization
FNDA:9,(anonymous_2)
FNDA:5,(anonymous_3)
FNDA:1,(anonymous_4)
FNDA:1,transformMemoryProcesses
FNDA:1,(anonymous_6)
FNDA:3,useMemoryProcesses
FNDA:3,(anonymous_8)
FNDA:1,(anonymous_9)
FNDA:2,(anonymous_10)
FNDA:0,(anonymous_11)
DA:37,2
DA:38,2
DA:40,2
DA:41,2
DA:42,2
DA:44,2
DA:45,4
DA:46,4
DA:47,2
DA:48,2
DA:49,2
DA:50,2
DA:51,2
DA:52,2
DA:53,1
DA:54,1
DA:55,1
DA:56,1
DA:60,2
DA:65,2
DA:71,2
DA:75,9
DA:76,9
DA:77,9
DA:78,9
DA:80,9
DA:86,9
DA:87,5
DA:88,2
DA:89,2
DA:90,2
DA:93,9
DA:94,1
DA:95,1
DA:96,1
DA:99,9
DA:103,1
DA:104,1
DA:106,1
DA:107,1
DA:108,2
DA:109,2
DA:110,2
DA:112,2
DA:113,2
DA:114,2
DA:115,2
DA:117,2
DA:129,1
DA:130,1
DA:134,3
DA:135,3
DA:136,3
DA:138,3
DA:139,3
DA:141,1
DA:145,3
DA:146,2
DA:147,1
DA:150,3
DA:151,0
DA:152,0
DA:155,3
LF:63
LH:61
BRDA:38,0,0,0
BRDA:38,0,1,2
BRDA:46,1,0,2
BRDA:46,1,1,2
BRDA:47,2,0,2
BRDA:47,2,1,0
BRDA:48,3,0,2
BRDA:48,3,1,0
BRDA:49,4,0,2
BRDA:49,4,1,0
BRDA:50,5,0,2
BRDA:50,5,1,0
BRDA:51,6,0,2
BRDA:51,6,1,0
BRDA:52,7,0,1
BRDA:52,7,1,1
BRDA:53,8,0,1
BRDA:53,8,1,0
BRDA:54,9,0,1
BRDA:54,9,1,0
BRDA:55,10,0,1
BRDA:55,10,1,0
BRDA:56,11,0,1
BRDA:56,11,1,0
BRDA:67,12,0,2
BRDA:67,12,1,0
BRDA:68,13,0,1
BRDA:68,13,1,1
BRDA:74,14,0,9
BRDA:83,15,0,9
BRDA:83,15,1,7
BRDA:87,16,0,3
BRDA:87,16,1,2
BRDA:104,17,0,0
BRDA:104,17,1,1
BRDA:108,18,0,0
BRDA:108,18,1,2
BRDA:109,19,0,2
BRDA:109,19,1,0
BRDA:110,20,0,2
BRDA:110,20,1,0
BRDA:112,21,0,2
BRDA:112,21,1,2
BRDA:114,22,0,0
BRDA:114,22,1,2
BRDA:119,23,0,2
BRDA:119,23,1,0
BRDA:121,24,0,2
BRDA:121,24,1,0
BRDA:122,25,0,2
BRDA:122,25,1,0
BRDA:123,26,0,2
BRDA:123,26,1,0
BRDA:124,27,0,2
BRDA:124,27,1,0
BRDA:133,28,0,3
BRDA:142,29,0,3
BRDA:142,29,1,3
BRDA:146,30,0,1
BRDA:146,30,1,1
BRF:60
BRH:39
end_of_record
TN:
SF:src/hooks/useMetricsData.ts
FN:9,useMetricsData
FN:14,(anonymous_1)
FN:15,(anonymous_2)
FN:28,useMetricsHistory
FN:34,(anonymous_4)
FN:35,(anonymous_5)
FN:37,(anonymous_6)
FN:54,useDataBusConnection
FN:57,(anonymous_8)
FN:66,(anonymous_9)
FN:71,(anonymous_10)
FN:72,(anonymous_11)
FNF:12
FNH:10
FNDA:6,useMetricsData
FNDA:5,(anonymous_1)
FNDA:2,(anonymous_2)
FNDA:5,useMetricsHistory
FNDA:3,(anonymous_4)
FNDA:6,(anonymous_5)
FNDA:6,(anonymous_6)
FNDA:6,useDataBusConnection
FNDA:4,(anonymous_8)
FNDA:0,(anonymous_9)
FNDA:4,(anonymous_10)
FNDA:0,(anonymous_11)
DA:10,6
DA:11,6
DA:12,6
DA:14,6
DA:15,5
DA:16,2
DA:17,1
DA:21,5
DA:22,5
DA:25,6
DA:32,5
DA:34,5
DA:35,3
DA:36,6
DA:37,6
DA:38,6
DA:39,6
DA:44,3
DA:45,3
DA:48,5
DA:55,6
DA:57,6
DA:58,4
DA:59,4
DA:60,0
DA:62,4
DA:66,6
DA:67,0
DA:68,0
DA:71,6
DA:72,4
DA:73,0
DA:75,4
DA:78,6
LF:34
LH:30
BRDA:16,0,0,1
BRDA:16,0,1,1
BRDA:16,1,0,2
BRDA:16,1,1,1
BRDA:30,2,0,5
BRDA:36,3,0,6
BRDA:36,3,1,0
BRDA:36,4,0,6
BRDA:36,4,1,0
BRDA:39,5,0,1
BRDA:39,5,1,5
BRF:11
BRH:9
end_of_record
TN:
SF:src/hooks/useNetworkData.ts
FN:34,transformNetworkMonitor
FN:64,useNetworkMonitor
FN:68,(anonymous_2)
FN:77,(anonymous_3)
FN:84,(anonymous_4)
FN:93,transformNetworkProcesses
FN:114,(anonymous_6)
FN:118,useNetworkProcesses
FN:121,(anonymous_8)
FN:126,(anonymous_9)
FN:131,(anonymous_10)
FN:136,(anonymous_11)
FN:144,formatBytes
FNF:13
FNH:12
FNDA:2,transformNetworkMonitor
FNDA:9,useNetworkMonitor
FNDA:9,(anonymous_2)
FNDA:5,(anonymous_3)
FNDA:1,(anonymous_4)
FNDA:1,transformNetworkProcesses
FNDA:1,(anonymous_6)
FNDA:3,useNetworkProcesses
FNDA:3,(anonymous_8)
FNDA:1,(anonymous_9)
FNDA:2,(anonymous_10)
FNDA:0,(anonymous_11)
FNDA:4,formatBytes
DA:35,2
DA:36,2
DA:38,2
DA:39,2
DA:40,2
DA:42,2
DA:43,3
DA:44,3
DA:45,2
DA:46,2
DA:47,2
DA:48,2
DA:49,1
DA:50,1
DA:51,1
DA:55,2
DA:60,2
DA:61,2
DA:65,9
DA:66,9
DA:67,9
DA:68,9
DA:70,9
DA:77,9
DA:78,5
DA:79,2
DA:80,2
DA:81,2
DA:84,9
DA:85,1
DA:86,1
DA:87,1
DA:90,9
DA:94,1
DA:95,1
DA:97,1
DA:98,1
DA:99,2
DA:100,2
DA:101,2
DA:103,2
DA:104,2
DA:105,2
DA:106,2
DA:108,2
DA:114,1
DA:115,1
DA:119,3
DA:120,3
DA:121,3
DA:123,3
DA:124,3
DA:126,1
DA:131,3
DA:132,2
DA:133,1
DA:136,3
DA:137,0
DA:138,0
DA:141,3
DA:145,4
DA:146,3
DA:147,2
DA:148,1
LF:64
LH:62
BRDA:36,0,0,0
BRDA:36,0,1,2
BRDA:44,1,0,2
BRDA:44,1,1,1
BRDA:45,2,0,2
BRDA:45,2,1,0
BRDA:46,3,0,2
BRDA:46,3,1,0
BRDA:47,4,0,2
BRDA:47,4,1,0
BRDA:48,5,0,2
BRDA:48,5,1,0
BRDA:49,6,0,1
BRDA:49,6,1,0
BRDA:50,7,0,1
BRDA:50,7,1,0
BRDA:51,8,0,1
BRDA:51,8,1,0
BRDA:64,9,0,9
BRDA:73,10,0,9
BRDA:73,10,1,7
BRDA:78,11,0,3
BRDA:78,11,1,2
BRDA:95,12,0,0
BRDA:95,12,1,1
BRDA:99,13,0,0
BRDA:99,13,1,2
BRDA:100,14,0,2
BRDA:100,14,1,0
BRDA:101,15,0,2
BRDA:101,15,1,0
BRDA:101,16,0,2
BRDA:101,16,1,0
BRDA:103,17,0,2
BRDA:103,17,1,2
BRDA:105,18,0,0
BRDA:105,18,1,2
BRDA:109,19,0,2
BRDA:109,19,1,0
BRDA:110,20,0,2
BRDA:110,20,1,0
BRDA:110,21,0,2
BRDA:110,21,1,0
BRDA:111,22,0,2
BRDA:111,22,1,0
BRDA:118,23,0,3
BRDA:127,24,0,3
BRDA:127,24,1,3
BRDA:132,25,0,1
BRDA:132,25,1,1
BRDA:145,26,0,1
BRDA:145,26,1,3
BRDA:146,27,0,1
BRDA:146,27,1,2
BRDA:147,28,0,1
BRDA:147,28,1,1
BRF:56
BRH:38
end_of_record
TN:
SF:src/hooks/usePipelinePolling.ts
FN:6,usePipelinePolling
FN:7,(anonymous_1)
FN:11,(anonymous_2)
FN:14,(anonymous_3)
FN:17,(anonymous_4)
FN:33,(anonymous_5)
FNF:6
FNH:0
FNDA:0,usePipelinePolling
FNDA:0,(anonymous_1)
FNDA:0,(anonymous_2)
FNDA:0,(anonymous_3)
FNDA:0,(anonymous_4)
FNDA:0,(anonymous_5)
DA:7,0
DA:8,0
DA:9,0
DA:11,0
DA:12,0
DA:14,0
DA:15,0
DA:16,0
DA:17,0
DA:27,0
DA:31,0
DA:32,0
DA:33,0
DA:34,0
DA:35,0
LF:15
LH:0
BRDA:6,0,0,0
BRDA:12,1,0,0
BRDA:12,1,1,0
BRDA:17,2,0,0
BRDA:17,2,1,0
BRDA:19,3,0,0
BRDA:19,3,1,0
BRDA:21,4,0,0
BRDA:21,4,1,0
BRDA:22,5,0,0
BRDA:22,5,1,0
BRDA:23,6,0,0
BRDA:23,6,1,0
BRDA:27,7,0,0
BRDA:27,7,1,0
BRF:15
BRH:0
end_of_record
TN:
SF:src/hooks/useProcessDetail.ts
FN:14,useProcessDetail
FN:20,(anonymous_1)
FN:22,(anonymous_2)
FN:26,(anonymous_3)
FN:79,(anonymous_4)
FNF:5
FNH:0
FNDA:0,useProcessDetail
FNDA:0,(anonymous_1)
FNDA:0,(anonymous_2)
FNDA:0,(anonymous_3)
FNDA:0,(anonymous_4)
DA:15,0
DA:16,0
DA:17,0
DA:18,0
DA:19,0
DA:20,0
DA:22,0
DA:23,0
DA:25,0
DA:26,0
DA:27,0
DA:28,0
DA:30,0
DA:31,0
DA:32,0
DA:34,0
DA:35,0
DA:36,0
DA:38,0
DA:39,0
DA:40,0
DA:41,0
DA:42,0
DA:47,0
DA:48,0
DA:49,0
DA:50,0
DA:51,0
DA:62,0
DA:64,0
DA:65,0
DA:66,0
DA:67,0
DA:70,0
DA:71,0
DA:72,0
DA:76,0
DA:79,0
DA:80,0
DA:81,0
DA:82,0
DA:83,0
DA:84,0
DA:87,0
LF:44
LH:0
BRDA:23,0,0,0
BRDA:23,0,1,0
BRDA:23,1,0,0
BRDA:23,1,1,0
BRDA:23,1,2,0
BRDA:28,2,0,0
BRDA:28,2,1,0
BRDA:35,3,0,0
BRDA:35,3,1,0
BRDA:36,4,0,0
BRDA:36,4,1,0
BRDA:38,5,0,0
BRDA:38,5,1,0
BRDA:44,6,0,0
BRDA:44,6,1,0
BRDA:45,7,0,0
BRDA:45,7,1,0
BRDA:48,8,0,0
BRDA:48,8,1,0
BRDA:50,9,0,0
BRDA:50,9,1,0
BRDA:52,10,0,0
BRDA:52,10,1,0
BRDA:53,11,0,0
BRDA:53,11,1,0
BRDA:54,12,0,0
BRDA:54,12,1,0
BRDA:55,13,0,0
BRDA:55,13,1,0
BRDA:56,14,0,0
BRDA:56,14,1,0
BRDA:57,15,0,0
BRDA:57,15,1,0
BRDA:62,16,0,0
BRDA:62,16,1,0
BRDA:64,17,0,0
BRDA:64,17,1,0
BRDA:66,18,0,0
BRDA:66,18,1,0
BRDA:71,19,0,0
BRDA:71,19,1,0
BRF:41
BRH:0
end_of_record
TN:
SF:src/hooks/useProfileData.ts
FN:25,useProfileData
FN:28,(anonymous_1)
FN:29,(anonymous_2)
FN:31,(anonymous_3)
FN:45,useLatestProfile
FN:48,(anonymous_5)
FN:49,(anonymous_6)
FNF:7
FNH:0
FNDA:0,useProfileData
FNDA:0,(anonymous_1)
FNDA:0,(anonymous_2)
FNDA:0,(anonymous_3)
FNDA:0,useLatestProfile
FNDA:0,(anonymous_5)
FNDA:0,(anonymous_6)
DA:26,0
DA:28,0
DA:29,0
DA:30,0
DA:31,0
DA:32,0
DA:33,0
DA:38,0
DA:39,0
DA:42,0
DA:46,0
DA:48,0
DA:49,0
DA:50,0
DA:51,0
DA:55,0
DA:56,0
DA:59,0
LF:18
LH:0
BRDA:25,0,0,0
BRDA:30,1,0,0
BRDA:30,1,1,0
BRDA:33,2,0,0
BRDA:33,2,1,0
BRDA:50,3,0,0
BRDA:50,3,1,0
BRF:7
BRH:0
end_of_record
TN:
SF:src/hooks/useRecording.ts
FN:19,useRecording
FN:26,(anonymous_1)
FN:35,(anonymous_2)
FN:51,useSaveBuffer
FN:54,(anonymous_4)
FNF:5
FNH:2
FNDA:6,useRecording
FNDA:0,(anonymous_1)
FNDA:0,(anonymous_2)
FNDA:6,useSaveBuffer
FNDA:0,(anonymous_4)
DA:20,6
DA:26,6
DA:27,0
DA:28,0
DA:29,0
DA:31,0
DA:35,6
DA:36,0
DA:37,0
DA:38,0
DA:39,0
DA:41,0
DA:45,6
DA:52,6
DA:54,6
DA:55,0
DA:56,0
DA:57,0
DA:58,0
DA:59,0
DA:60,0
DA:63,0
DA:64,0
DA:73,0
DA:74,0
DA:77,0
DA:80,0
DA:81,0
DA:82,0
DA:83,0
DA:84,0
DA:85,0
DA:86,0
DA:87,0
DA:89,0
DA:93,6
LF:36
LH:7
BRDA:36,0,0,0
BRDA:36,0,1,0
BRDA:58,1,0,0
BRDA:58,1,1,0
BRF:4
BRH:0
end_of_record
TN:
SF:src/hooks/useUrlState.ts
FN:21,useUrlState
FN:23,(anonymous_1)
FN:24,(anonymous_2)
FN:25,(anonymous_3)
FN:27,(anonymous_4)
FN:32,(anonymous_5)
FN:33,(anonymous_6)
FN:34,(anonymous_7)
FN:36,(anonymous_8)
FN:43,(anonymous_9)
FN:59,(anonymous_10)
FN:60,(anonymous_11)
FN:82,(anonymous_12)
FNF:13
FNH:0
FNDA:0,useUrlState
FNDA:0,(anonymous_1)
FNDA:0,(anonymous_2)
FNDA:0,(anonymous_3)
FNDA:0,(anonymous_4)
FNDA:0,(anonymous_5)
FNDA:0,(anonymous_6)
FNDA:0,(anonymous_7)
FNDA:0,(anonymous_8)
FNDA:0,(anonymous_9)
FNDA:0,(anonymous_10)
FNDA:0,(anonymous_11)
FNDA:0,(anonymous_12)
DA:22,0
DA:23,0
DA:24,0
DA:25,0
DA:27,0
DA:28,0
DA:29,0
DA:32,0
DA:33,0
DA:34,0
DA:36,0
DA:37,0
DA:38,0
DA:39,0
DA:40,0
DA:42,0
DA:43,0
DA:44,0
DA:45,0
DA:46,0
DA:47,0
DA:48,0
DA:51,0
DA:52,0
DA:54,0
DA:59,0
DA:60,0
DA:61,0
DA:62,0
DA:63,0
DA:64,0
DA:66,0
DA:67,0
DA:68,0
DA:70,0
DA:71,0
DA:72,0
DA:74,0
DA:75,0
DA:76,0
DA:78,0
DA:82,0
DA:83,0
DA:86,0
LF:44
LH:0
BRDA:29,0,0,0
BRDA:29,0,1,0
BRDA:39,1,0,0
BRDA:39,1,1,0
BRDA:40,2,0,0
BRDA:40,2,1,0
BRDA:42,3,0,0
BRDA:42,3,1,0
BRDA:42,4,0,0
BRDA:42,4,1,0
BRDA:45,5,0,0
BRDA:45,5,1,0
BRDA:47,6,0,0
BRDA:47,6,1,0
BRDA:47,7,0,0
BRDA:47,7,1,0
BRDA:62,8,0,0
BRDA:62,8,1,0
BRDA:63,9,0,0
BRDA:63,9,1,0
BRDA:66,10,0,0
BRDA:66,10,1,0
BRDA:67,11,0,0
BRDA:67,11,1,0
BRDA:70,12,0,0
BRDA:70,12,1,0
BRDA:71,13,0,0
BRDA:71,13,1,0
BRDA:74,14,0,0
BRDA:74,14,1,0
BRDA:75,15,0,0
BRDA:75,15,1,0
BRDA:75,16,0,0
BRDA:75,16,1,0
BRF:34
BRH:0
end_of_record
TN:
SF:src/pages/CpuPage.tsx
FN:21,CpuPage
FN:29,(anonymous_1)
FN:39,SystemSubTab
FN:69,ProcessSubTab
FN:75,(anonymous_4)
FN:76,(anonymous_5)
FN:84,(anonymous_6)
FN:111,ProcessDetailView
FN:118,(anonymous_8)
FN:135,(anonymous_9)
FN:244,(anonymous_10)
FN:256,(anonymous_11)
FN:258,(anonymous_12)
FN:274,(anonymous_13)
FN:283,ProfileTypeButton
FNF:15
FNH:3
FNDA:2,CpuPage
FNDA:2,(anonymous_1)
FNDA:2,SystemSubTab
FNDA:0,ProcessSubTab
FNDA:0,(anonymous_4)
FNDA:0,(anonymous_5)
FNDA:0,(anonymous_6)
FNDA:0,ProcessDetailView
FNDA:0,(anonymous_8)
FNDA:0,(anonymous_9)
FNDA:0,(anonymous_10)
FNDA:0,(anonymous_11)
FNDA:0,(anonymous_12)
FNDA:0,(anonymous_13)
FNDA:0,ProfileTypeButton
DA:16,1
DA:22,2
DA:30,2
DA:40,2
DA:42,2
DA:70,0
DA:71,0
DA:72,0
DA:73,0
DA:75,0
DA:76,0
DA:77,0
DA:78,0
DA:79,0
DA:80,0
DA:84,0
DA:85,0
DA:86,0
DA:87,0
DA:90,0
DA:91,0
DA:100,0
DA:112,0
DA:113,0
DA:114,0
DA:115,0
DA:116,0
DA:118,0
DA:119,0
DA:120,0
DA:121,0
DA:122,0
DA:123,0
DA:124,0
DA:128,0
DA:130,0
DA:131,0
DA:135,0
DA:136,0
DA:137,0
DA:142,0
DA:143,0
DA:146,0
DA:244,0
DA:256,0
DA:258,0
DA:274,0
DA:284,0
LF:48
LH:5
BRDA:31,0,0,2
BRDA:31,0,1,2
BRDA:32,1,0,2
BRDA:32,1,1,0
BRDA:73,2,0,0
BRDA:73,2,1,0
BRDA:77,3,0,0
BRDA:77,3,1,0
BRDA:90,4,0,0
BRDA:90,4,1,0
BRDA:119,5,0,0
BRDA:119,5,1,0
BRDA:162,6,0,0
BRDA:162,6,1,0
BRDA:218,7,0,0
BRDA:218,7,1,0
BRDA:234,8,0,0
BRDA:234,8,1,0
BRDA:239,9,0,0
BRDA:239,9,1,0
BRDA:252,10,0,0
BRDA:252,10,1,0
BRDA:287,11,0,0
BRDA:287,11,1,0
BRDA:288,12,0,0
BRDA:288,12,1,0
BRDA:289,13,0,0
BRDA:289,13,1,0
BRDA:292,14,0,0
BRDA:292,14,1,0
BRF:30
BRH:3
end_of_record
TN:
SF:src/pages/GpuPage.tsx
FN:16,GpuPage
FN:32,SystemSubTab
FN:35,(anonymous_2)
FN:36,(anonymous_3)
FN:75,(anonymous_4)
FN:84,(anonymous_5)
FN:92,(anonymous_6)
FN:93,(anonymous_7)
FN:138,(anonymous_8)
FN:147,(anonymous_9)
FN:194,ProcessSubTab
FN:210,GpuProcessTable
FN:228,(anonymous_12)
FNF:13
FNH:0
FNDA:0,GpuPage
FNDA:0,SystemSubTab
FNDA:0,(anonymous_2)
FNDA:0,(anonymous_3)
FNDA:0,(anonymous_4)
FNDA:0,(anonymous_5)
FNDA:0,(anonymous_6)
FNDA:0,(anonymous_7)
FNDA:0,(anonymous_8)
FNDA:0,(anonymous_9)
FNDA:0,ProcessSubTab
FNDA:0,GpuProcessTable
FNDA:0,(anonymous_12)
DA:11,0
DA:17,0
DA:19,0
DA:33,0
DA:35,0
DA:36,0
DA:37,0
DA:38,0
DA:41,0
DA:75,0
DA:84,0
DA:92,0
DA:93,0
DA:94,0
DA:95,0
DA:98,0
DA:138,0
DA:147,0
DA:156,0
DA:195,0
DA:197,0
DA:211,0
DA:212,0
DA:215,0
DA:229,0
DA:246,0
DA:250,0
LF:27
LH:0
BRDA:26,0,0,0
BRDA:26,0,1,0
BRDA:27,1,0,0
BRDA:27,1,1,0
BRDA:158,2,0,0
BRDA:158,2,1,0
BRDA:161,3,0,0
BRDA:161,3,1,0
BRDA:164,4,0,0
BRDA:164,4,1,0
BRDA:164,5,0,0
BRDA:164,5,1,0
BRDA:174,6,0,0
BRDA:174,6,1,0
BRDA:185,7,0,0
BRDA:185,7,1,0
BRDA:211,8,0,0
BRDA:211,8,1,0
BRF:18
BRH:0
end_of_record
TN:
SF:src/pages/IoPage.tsx
FN:16,IoPage
FN:32,SystemSubTab
FN:35,(anonymous_2)
FN:36,(anonymous_3)
FN:74,(anonymous_4)
FN:83,(anonymous_5)
FN:91,(anonymous_6)
FN:92,(anonymous_7)
FN:129,(anonymous_8)
FN:137,(anonymous_9)
FN:182,ProcessSubTab
FN:198,IoProcessTable
FN:217,(anonymous_12)
FNF:13
FNH:0
FNDA:0,IoPage
FNDA:0,SystemSubTab
FNDA:0,(anonymous_2)
FNDA:0,(anonymous_3)
FNDA:0,(anonymous_4)
FNDA:0,(anonymous_5)
FNDA:0,(anonymous_6)
FNDA:0,(anonymous_7)
FNDA:0,(anonymous_8)
FNDA:0,(anonymous_9)
FNDA:0,ProcessSubTab
FNDA:0,IoProcessTable
FNDA:0,(anonymous_12)
DA:11,0
DA:17,0
DA:19,0
DA:33,0
DA:35,0
DA:36,0
DA:37,0
DA:38,0
DA:41,0
DA:74,0
DA:83,0
DA:91,0
DA:92,0
DA:93,0
DA:94,0
DA:97,0
DA:129,0
DA:137,0
DA:145,0
DA:183,0
DA:185,0
DA:199,0
DA:200,0
DA:203,0
DA:218,0
DA:236,0
DA:240,0
LF:27
LH:0
BRDA:26,0,0,0
BRDA:26,0,1,0
BRDA:27,1,0,0
BRDA:27,1,1,0
BRDA:147,2,0,0
BRDA:147,2,1,0
BRDA:153,3,0,0
BRDA:153,3,1,0
BRDA:162,4,0,0
BRDA:162,4,1,0
BRDA:173,5,0,0
BRDA:173,5,1,0
BRDA:199,6,0,0
BRDA:199,6,1,0
BRF:14
BRH:0
end_of_record
TN:
SF:src/pages/MemoryPage.tsx
FN:16,MemoryPage
FN:32,SystemSubTab
FN:35,(anonymous_2)
FN:36,(anonymous_3)
FN:47,(anonymous_4)
FN:84,(anonymous_5)
FN:94,(anonymous_6)
FN:104,(anonymous_7)
FN:114,(anonymous_8)
FN:122,(anonymous_9)
FN:123,(anonymous_10)
FN:156,(anonymous_11)
FN:208,ProcessSubTab
FN:213,(anonymous_13)
FN:214,(anonymous_14)
FN:222,(anonymous_15)
FN:238,MemoryProcessTable
FN:258,(anonymous_17)
FN:260,(anonymous_18)
FN:262,(anonymous_19)
FN:263,(anonymous_20)
FN:282,MemoryProcessDetail
FN:323,formatMb
FNF:23
FNH:0
FNDA:0,MemoryPage
FNDA:0,SystemSubTab
FNDA:0,(anonymous_2)
FNDA:0,(anonymous_3)
FNDA:0,(anonymous_4)
FNDA:0,(anonymous_5)
FNDA:0,(anonymous_6)
FNDA:0,(anonymous_7)
FNDA:0,(anonymous_8)
FNDA:0,(anonymous_9)
FNDA:0,(anonymous_10)
FNDA:0,(anonymous_11)
FNDA:0,ProcessSubTab
FNDA:0,(anonymous_13)
FNDA:0,(anonymous_14)
FNDA:0,(anonymous_15)
FNDA:0,MemoryProcessTable
FNDA:0,(anonymous_17)
FNDA:0,(anonymous_18)
FNDA:0,(anonymous_19)
FNDA:0,(anonymous_20)
FNDA:0,MemoryProcessDetail
FNDA:0,formatMb
DA:11,0
DA:17,0
DA:19,0
DA:33,0
DA:35,0
DA:36,0
DA:37,0
DA:38,0
DA:41,0
DA:48,0
DA:49,0
DA:50,0
DA:51,0
DA:52,0
DA:54,0
DA:84,0
DA:94,0
DA:104,0
DA:114,0
DA:122,0
DA:123,0
DA:124,0
DA:125,0
DA:128,0
DA:156,0
DA:163,0
DA:209,0
DA:210,0
DA:211,0
DA:213,0
DA:214,0
DA:215,0
DA:216,0
DA:217,0
DA:221,0
DA:222,0
DA:225,0
DA:239,0
DA:240,0
DA:243,0
DA:259,0
DA:260,0
DA:262,0
DA:263,0
DA:283,0
DA:324,0
DA:325,0
DA:328,0
DA:332,0
LF:49
LH:0
BRDA:26,0,0,0
BRDA:26,0,1,0
BRDA:27,1,0,0
BRDA:27,1,1,0
BRDA:49,2,0,0
BRDA:49,2,1,0
BRDA:49,3,0,0
BRDA:49,3,1,0
BRDA:50,4,0,0
BRDA:50,4,1,0
BRDA:166,5,0,0
BRDA:166,5,1,0
BRDA:170,6,0,0
BRDA:170,6,1,0
BRDA:170,7,0,0
BRDA:170,7,1,0
BRDA:172,8,0,0
BRDA:172,8,1,0
BRDA:185,9,0,0
BRDA:185,9,1,0
BRDA:199,10,0,0
BRDA:199,10,1,0
BRDA:215,11,0,0
BRDA:215,11,1,0
BRDA:221,12,0,0
BRDA:221,12,1,0
BRDA:239,13,0,0
BRDA:239,13,1,0
BRDA:324,14,0,0
BRDA:324,14,1,0
BRF:30
BRH:0
end_of_record
TN:
SF:src/pages/NetworkPage.tsx
FN:16,NetworkPage
FN:32,SystemSubTab
FN:35,(anonymous_2)
FN:36,(anonymous_3)
FN:67,(anonymous_4)
FN:81,(anonymous_5)
FN:90,(anonymous_6)
FN:98,(anonymous_7)
FN:99,(anonymous_8)
FN:144,(anonymous_9)
FN:151,(anonymous_10)
FN:199,ProcessSubTab
FN:215,NetworkProcessTable
FN:234,(anonymous_13)
FNF:14
FNH:0
FNDA:0,NetworkPage
FNDA:0,SystemSubTab
FNDA:0,(anonymous_2)
FNDA:0,(anonymous_3)
FNDA:0,(anonymous_4)
FNDA:0,(anonymous_5)
FNDA:0,(anonymous_6)
FNDA:0,(anonymous_7)
FNDA:0,(anonymous_8)
FNDA:0,(anonymous_9)
FNDA:0,(anonymous_10)
FNDA:0,ProcessSubTab
FNDA:0,NetworkProcessTable
FNDA:0,(anonymous_13)
DA:11,0
DA:17,0
DA:19,0
DA:33,0
DA:35,0
DA:36,0
DA:37,0
DA:38,0
DA:41,0
DA:68,0
DA:69,0
DA:70,0
DA:81,0
DA:90,0
DA:98,0
DA:99,0
DA:100,0
DA:101,0
DA:104,0
DA:144,0
DA:151,0
DA:160,0
DA:200,0
DA:202,0
DA:216,0
DA:217,0
DA:220,0
DA:235,0
DA:253,0
DA:257,0
LF:30
LH:0
BRDA:26,0,0,0
BRDA:26,0,1,0
BRDA:27,1,0,0
BRDA:27,1,1,0
BRDA:68,2,0,0
BRDA:68,2,1,0
BRDA:69,3,0,0
BRDA:69,3,1,0
BRDA:162,4,0,0
BRDA:162,4,1,0
BRDA:168,5,0,0
BRDA:168,5,1,0
BRDA:177,6,0,0
BRDA:177,6,1,0
BRDA:190,7,0,0
BRDA:190,7,1,0
BRDA:216,8,0,0
BRDA:216,8,1,0
BRF:18
BRH:0
end_of_record
TN:
SF:src/pages/OverviewPage.tsx
FN:12,stateColor
FN:20,OverviewPage
FN:26,(anonymous_2)
FN:28,(anonymous_3)
FN:29,(anonymous_4)
FN:32,(anonymous_5)
FN:34,(anonymous_6)
FN:40,(anonymous_7)
FN:43,(anonymous_8)
FN:44,(anonymous_9)
FN:45,(anonymous_10)
FN:101,(anonymous_11)
FNF:12
FNH:0
FNDA:0,stateColor
FNDA:0,OverviewPage
FNDA:0,(anonymous_2)
FNDA:0,(anonymous_3)
FNDA:0,(anonymous_4)
FNDA:0,(anonymous_5)
FNDA:0,(anonymous_6)
FNDA:0,(anonymous_7)
FNDA:0,(anonymous_8)
FNDA:0,(anonymous_9)
FNDA:0,(anonymous_10)
FNDA:0,(anonymous_11)
DA:7,0
DA:13,0
DA:14,0
DA:15,0
DA:16,0
DA:21,0
DA:22,0
DA:23,0
DA:24,0
DA:26,0
DA:27,0
DA:28,0
DA:32,0
DA:33,0
DA:34,0
DA:35,0
DA:36,0
DA:37,0
DA:38,0
DA:40,0
DA:43,0
DA:44,0
DA:45,0
DA:47,0
DA:102,0
LF:25
LH:0
BRDA:13,0,0,0
BRDA:13,0,1,0
BRDA:13,0,2,0
BRDA:28,1,0,0
BRDA:28,1,1,0
BRDA:36,2,0,0
BRDA:36,2,1,0
BRDA:37,3,0,0
BRDA:37,3,1,0
BRDA:44,4,0,0
BRDA:44,4,1,0
BRDA:45,5,0,0
BRDA:45,5,1,0
BRDA:55,6,0,0
BRDA:55,6,1,0
BRDA:56,7,0,0
BRDA:56,7,1,0
BRDA:60,8,0,0
BRDA:60,8,1,0
BRDA:61,9,0,0
BRDA:61,9,1,0
BRDA:63,10,0,0
BRDA:63,10,1,0
BRDA:64,11,0,0
BRDA:64,11,1,0
BRDA:75,12,0,0
BRDA:75,12,1,0
BRDA:104,13,0,0
BRDA:104,13,1,0
BRDA:107,14,0,0
BRDA:107,14,1,0
BRDA:114,15,0,0
BRDA:114,15,1,0
BRDA:121,16,0,0
BRDA:121,16,1,0
BRF:35
BRH:0
end_of_record
TN:
SF:src/pages/PluginManagerPage.tsx
FN:34,PluginManagerPage
FN:43,(anonymous_1)
FN:50,(anonymous_2)
FN:53,(anonymous_3)
FN:56,(anonymous_4)
FN:57,(anonymous_5)
FN:65,(anonymous_6)
FN:69,(anonymous_7)
FN:71,(anonymous_8)
FN:75,(anonymous_9)
FN:80,(anonymous_10)
FN:82,(anonymous_11)
FN:86,(anonymous_12)
FN:87,(anonymous_13)
FN:91,(anonymous_14)
FN:92,(anonymous_15)
FN:102,(anonymous_16)
FN:103,(anonymous_17)
FN:110,(anonymous_18)
FN:139,(anonymous_19)
FN:140,(anonymous_20)
FN:149,(anonymous_21)
FN:156,(anonymous_22)
FN:157,(anonymous_23)
FN:166,(anonymous_24)
FN:172,(anonymous_25)
FN:182,(anonymous_26)
FN:187,(anonymous_27)
FN:207,(anonymous_28)
FN:219,FeatureCard
FN:297,(anonymous_30)
FN:301,(anonymous_31)
FN:302,(anonymous_32)
FN:307,(anonymous_33)
FN:308,(anonymous_34)
FN:322,ActionBtn
FN:334,MiniStat
FN:345,formatUptime
FNF:38
FNH:0
FNDA:0,PluginManagerPage
FNDA:0,(anonymous_1)
FNDA:0,(anonymous_2)
FNDA:0,(anonymous_3)
FNDA:0,(anonymous_4)
FNDA:0,(anonymous_5)
FNDA:0,(anonymous_6)
FNDA:0,(anonymous_7)
FNDA:0,(anonymous_8)
FNDA:0,(anonymous_9)
FNDA:0,(anonymous_10)
FNDA:0,(anonymous_11)
FNDA:0,(anonymous_12)
FNDA:0,(anonymous_13)
FNDA:0,(anonymous_14)
FNDA:0,(anonymous_15)
FNDA:0,(anonymous_16)
FNDA:0,(anonymous_17)
FNDA:0,(anonymous_18)
FNDA:0,(anonymous_19)
FNDA:0,(anonymous_20)
FNDA:0,(anonymous_21)
FNDA:0,(anonymous_22)
FNDA:0,(anonymous_23)
FNDA:0,(anonymous_24)
FNDA:0,(anonymous_25)
FNDA:0,(anonymous_26)
FNDA:0,(anonymous_27)
FNDA:0,(anonymous_28)
FNDA:0,FeatureCard
FNDA:0,(anonymous_30)
FNDA:0,(anonymous_31)
FNDA:0,(anonymous_32)
FNDA:0,(anonymous_33)
FNDA:0,(anonymous_34)
FNDA:0,ActionBtn
FNDA:0,MiniStat
FNDA:0,formatUptime
DA:13,0
DA:19,0
DA:24,0
DA:35,0
DA:36,0
DA:37,0
DA:38,0
DA:39,0
DA:40,0
DA:41,0
DA:43,0
DA:44,0
DA:45,0
DA:46,0
DA:50,0
DA:51,0
DA:52,0
DA:53,0
DA:56,0
DA:57,0
DA:58,0
DA:59,0
DA:60,0
DA:61,0
DA:62,0
DA:63,0
DA:65,0
DA:66,0
DA:68,0
DA:69,0
DA:71,0
DA:75,0
DA:76,0
DA:77,0
DA:78,0
DA:79,0
DA:80,0
DA:81,0
DA:82,0
DA:84,0
DA:85,0
DA:86,0
DA:87,0
DA:91,0
DA:92,0
DA:93,0
DA:94,0
DA:95,0
DA:97,0
DA:98,0
DA:102,0
DA:103,0
DA:104,0
DA:105,0
DA:106,0
DA:107,0
DA:110,0
DA:111,0
DA:113,0
DA:140,0
DA:149,0
DA:157,0
DA:166,0
DA:172,0
DA:183,0
DA:187,0
DA:208,0
DA:224,0
DA:225,0
DA:226,0
DA:227,0
DA:228,0
DA:230,0
DA:297,0
DA:301,0
DA:302,0
DA:307,0
DA:308,0
DA:323,0
DA:335,0
DA:346,0
DA:347,0
DA:348,0
DA:349,0
LF:84
LH:0
BRDA:59,0,0,0
BRDA:59,0,1,0
BRDA:59,0,2,0
BRDA:59,0,3,0
BRDA:68,1,0,0
BRDA:68,1,1,0
BRDA:85,2,0,0
BRDA:85,2,1,0
BRDA:93,3,0,0
BRDA:93,3,1,0
BRDA:94,4,0,0
BRDA:94,4,1,0
BRDA:95,5,0,0
BRDA:95,5,1,0
BRDA:104,6,0,0
BRDA:104,6,1,0
BRDA:104,7,0,0
BRDA:104,7,1,0
BRDA:105,8,0,0
BRDA:105,8,1,0
BRDA:105,9,0,0
BRDA:105,9,1,0
BRDA:106,10,0,0
BRDA:106,10,1,0
BRDA:106,11,0,0
BRDA:106,11,1,0
BRDA:110,12,0,0
BRDA:110,12,1,0
BRDA:128,13,0,0
BRDA:128,13,1,0
BRDA:128,14,0,0
BRDA:128,14,1,0
BRDA:129,15,0,0
BRDA:129,15,1,0
BRDA:129,16,0,0
BRDA:129,16,1,0
BRDA:130,17,0,0
BRDA:130,17,1,0
BRDA:133,18,0,0
BRDA:133,18,1,0
BRDA:133,19,0,0
BRDA:133,19,1,0
BRDA:141,20,0,0
BRDA:141,20,1,0
BRDA:142,21,0,0
BRDA:142,21,1,0
BRDA:143,22,0,0
BRDA:143,22,1,0
BRDA:145,23,0,0
BRDA:145,23,1,0
BRDA:145,24,0,0
BRDA:145,24,1,0
BRDA:150,25,0,0
BRDA:150,25,1,0
BRDA:151,26,0,0
BRDA:151,26,1,0
BRDA:152,27,0,0
BRDA:152,27,1,0
BRDA:158,28,0,0
BRDA:158,28,1,0
BRDA:159,29,0,0
BRDA:159,29,1,0
BRDA:160,30,0,0
BRDA:160,30,1,0
BRDA:162,31,0,0
BRDA:162,31,1,0
BRDA:192,32,0,0
BRDA:192,32,1,0
BRDA:199,33,0,0
BRDA:199,33,1,0
BRDA:208,34,0,0
BRDA:208,34,1,0
BRDA:210,35,0,0
BRDA:210,35,1,0
BRDA:224,36,0,0
BRDA:224,36,1,0
BRDA:225,37,0,0
BRDA:225,37,1,0
BRDA:233,38,0,0
BRDA:233,38,1,0
BRDA:237,39,0,0
BRDA:237,39,1,0
BRDA:241,40,0,0
BRDA:241,40,1,0
BRDA:249,41,0,0
BRDA:249,41,1,0
BRDA:249,41,2,0
BRDA:272,42,0,0
BRDA:272,42,1,0
BRDA:272,42,2,0
BRDA:272,42,3,0
BRDA:272,42,4,0
BRDA:274,43,0,0
BRDA:274,43,1,0
BRDA:275,44,0,0
BRDA:275,44,1,0
BRDA:276,45,0,0
BRDA:276,45,1,0
BRDA:276,46,0,0
BRDA:276,46,1,0
BRDA:280,47,0,0
BRDA:280,47,1,0
BRDA:280,47,2,0
BRDA:280,47,3,0
BRDA:282,48,0,0
BRDA:282,48,1,0
BRDA:287,49,0,0
BRDA:287,49,1,0
BRDA:294,50,0,0
BRDA:294,50,1,0
BRDA:296,51,0,0
BRDA:296,51,1,0
BRDA:299,52,0,0
BRDA:299,52,1,0
BRDA:305,53,0,0
BRDA:305,53,1,0
BRDA:311,54,0,0
BRDA:311,54,1,0
BRDA:311,54,2,0
BRDA:313,55,0,0
BRDA:313,55,1,0
BRDA:326,56,0,0
BRDA:326,56,1,0
BRDA:327,57,0,0
BRDA:327,57,1,0
BRDA:338,58,0,0
BRDA:338,58,1,0
BRDA:347,59,0,0
BRDA:347,59,1,0
BRDA:348,60,0,0
BRDA:348,60,1,0
BRF:131
BRH:0
end_of_record
TN:
SF:src/pages/ReplayPage.tsx
FN:6,(anonymous_0)
FN:7,(anonymous_1)
FN:17,ReplayPage
FN:18,(anonymous_3)
FN:27,(anonymous_4)
FN:29,(anonymous_5)
FN:32,(anonymous_6)
FN:34,(anonymous_7)
FN:43,(anonymous_8)
FN:46,(anonymous_9)
FN:57,(anonymous_10)
FN:63,(anonymous_11)
FN:68,(anonymous_12)
FN:77,(anonymous_13)
FN:82,(anonymous_14)
FN:99,(anonymous_15)
FN:107,(anonymous_16)
FN:128,(anonymous_17)
FN:155,(anonymous_18)
FN:191,(anonymous_19)
FN:225,(anonymous_20)
FN:228,(anonymous_21)
FN:246,ReplayPlaceholder
FNF:23
FNH:0
FNDA:0,(anonymous_0)
FNDA:0,(anonymous_1)
FNDA:0,ReplayPage
FNDA:0,(anonymous_3)
FNDA:0,(anonymous_4)
FNDA:0,(anonymous_5)
FNDA:0,(anonymous_6)
FNDA:0,(anonymous_7)
FNDA:0,(anonymous_8)
FNDA:0,(anonymous_9)
FNDA:0,(anonymous_10)
FNDA:0,(anonymous_11)
FNDA:0,(anonymous_12)
FNDA:0,(anonymous_13)
FNDA:0,(anonymous_14)
FNDA:0,(anonymous_15)
FNDA:0,(anonymous_16)
FNDA:0,(anonymous_17)
FNDA:0,(anonymous_18)
FNDA:0,(anonymous_19)
FNDA:0,(anonymous_20)
FNDA:0,(anonymous_21)
FNDA:0,ReplayPlaceholder
DA:6,0
DA:7,0
DA:9,0
DA:18,0
DA:19,0
DA:20,0
DA:21,0
DA:22,0
DA:23,0
DA:24,0
DA:25,0
DA:27,0
DA:28,0
DA:29,0
DA:32,0
DA:33,0
DA:34,0
DA:35,0
DA:36,0
DA:38,0
DA:40,0
DA:41,0
DA:43,0
DA:46,0
DA:47,0
DA:48,0
DA:49,0
DA:50,0
DA:51,0
DA:52,0
DA:53,0
DA:57,0
DA:58,0
DA:59,0
DA:60,0
DA:63,0
DA:64,0
DA:65,0
DA:68,0
DA:69,0
DA:70,0
DA:71,0
DA:72,0
DA:73,0
DA:74,0
DA:77,0
DA:78,0
DA:79,0
DA:82,0
DA:83,0
DA:84,0
DA:85,0
DA:86,0
DA:89,0
DA:90,0
DA:99,0
DA:107,0
DA:128,0
DA:129,0
DA:130,0
DA:131,0
DA:132,0
DA:133,0
DA:134,0
DA:135,0
DA:136,0
DA:140,0
DA:142,0
DA:155,0
DA:191,0
DA:226,0
DA:228,0
DA:247,0
LF:73
LH:0
BRDA:33,0,0,0
BRDA:33,0,1,0
BRDA:40,1,0,0
BRDA:40,1,1,0
BRDA:43,2,0,0
BRDA:43,2,1,0
BRDA:50,3,0,0
BRDA:50,3,1,0
BRDA:50,4,0,0
BRDA:50,4,1,0
BRDA:52,5,0,0
BRDA:52,5,1,0
BRDA:60,6,0,0
BRDA:60,6,1,0
BRDA:65,7,0,0
BRDA:65,7,1,0
BRDA:69,8,0,0
BRDA:69,8,1,0
BRDA:89,9,0,0
BRDA:89,9,1,0
BRDA:130,10,0,0
BRDA:130,10,1,0
BRDA:130,10,2,0
BRDA:130,10,3,0
BRDA:130,10,4,0
BRDA:130,10,5,0
BRDA:131,11,0,0
BRDA:131,11,1,0
BRDA:132,12,0,0
BRDA:132,12,1,0
BRDA:167,13,0,0
BRDA:167,13,1,0
BRDA:177,14,0,0
BRDA:177,14,1,0
BRDA:178,15,0,0
BRDA:178,15,1,0
BRDA:179,16,0,0
BRDA:179,16,1,0
BRDA:180,17,0,0
BRDA:180,17,1,0
BRDA:181,18,0,0
BRDA:181,18,1,0
BRDA:191,19,0,0
BRDA:191,19,1,0
BRDA:197,20,0,0
BRDA:197,20,1,0
BRDA:231,21,0,0
BRDA:231,21,1,0
BRDA:232,22,0,0
BRDA:232,22,1,0
BRDA:233,23,0,0
BRDA:233,23,1,0
BRF:52
BRH:0
end_of_record
TN:
SF:src/pages/SystemPage.tsx
FN:18,SystemPage
FN:26,(anonymous_1)
FN:35,(anonymous_2)
FN:50,(anonymous_3)
FN:52,(anonymous_4)
FN:55,(anonymous_5)
FN:59,(anonymous_6)
FN:65,(anonymous_7)
FN:66,(anonymous_8)
FN:67,(anonymous_9)
FN:78,(anonymous_10)
FN:79,(anonymous_11)
FN:79,(anonymous_12)
FN:82,(anonymous_13)
FN:83,(anonymous_14)
FN:84,(anonymous_15)
FN:85,(anonymous_16)
FN:112,(anonymous_17)
FN:147,(anonymous_18)
FN:156,(anonymous_19)
FNF:20
FNH:0
FNDA:0,SystemPage
FNDA:0,(anonymous_1)
FNDA:0,(anonymous_2)
FNDA:0,(anonymous_3)
FNDA:0,(anonymous_4)
FNDA:0,(anonymous_5)
FNDA:0,(anonymous_6)
FNDA:0,(anonymous_7)
FNDA:0,(anonymous_8)
FNDA:0,(anonymous_9)
FNDA:0,(anonymous_10)
FNDA:0,(anonymous_11)
FNDA:0,(anonymous_12)
FNDA:0,(anonymous_13)
FNDA:0,(anonymous_14)
FNDA:0,(anonymous_15)
FNDA:0,(anonymous_16)
FNDA:0,(anonymous_17)
FNDA:0,(anonymous_18)
FNDA:0,(anonymous_19)
DA:8,0
DA:19,0
DA:20,0
DA:21,0
DA:22,0
DA:23,0
DA:24,0
DA:26,0
DA:27,0
DA:28,0
DA:29,0
DA:31,0
DA:35,0
DA:36,0
DA:37,0
DA:38,0
DA:40,0
DA:41,0
DA:42,0
DA:50,0
DA:51,0
DA:52,0
DA:55,0
DA:56,0
DA:57,0
DA:58,0
DA:59,0
DA:60,0
DA:61,0
DA:65,0
DA:66,0
DA:67,0
DA:68,0
DA:69,0
DA:70,0
DA:71,0
DA:72,0
DA:75,0
DA:77,0
DA:78,0
DA:79,0
DA:82,0
DA:83,0
DA:84,0
DA:85,0
DA:87,0
DA:112,0
DA:148,0
DA:157,0
LF:49
LH:0
BRDA:41,0,0,0
BRDA:41,0,1,0
BRDA:56,1,0,0
BRDA:56,1,1,0
BRDA:85,2,0,0
BRDA:85,2,1,0
BRDA:98,3,0,0
BRDA:98,3,1,0
BRDA:100,4,0,0
BRDA:100,4,1,0
BRDA:101,5,0,0
BRDA:101,5,1,0
BRDA:107,6,0,0
BRDA:107,6,1,0
BRDA:129,7,0,0
BRDA:129,7,1,0
BRDA:135,8,0,0
BRDA:135,8,1,0
BRDA:162,9,0,0
BRDA:162,9,1,0
BRDA:163,10,0,0
BRDA:163,10,1,0
BRDA:165,11,0,0
BRDA:165,11,1,0
BRDA:165,12,0,0
BRDA:165,12,1,0
BRDA:170,13,0,0
BRDA:170,13,1,0
BRDA:174,14,0,0
BRDA:174,14,1,0
BRDA:176,15,0,0
BRDA:176,15,1,0
BRDA:177,16,0,0
BRDA:177,16,1,0
BRDA:179,17,0,0
BRDA:179,17,1,0
BRDA:179,18,0,0
BRDA:179,18,1,0
BRDA:180,19,0,0
BRDA:180,19,1,0
BRDA:182,20,0,0
BRDA:182,20,1,0
BRDA:190,21,0,0
BRDA:190,21,1,0
BRDA:190,21,2,0
BRF:45
BRH:0
end_of_record
TN:
SF:src/pages/replay/ReplayCpuView.tsx
FN:16,ReplayCpuView
FN:29,ReplaySystemSubTab
FN:61,ReplayProcessSubTab
FN:77,(anonymous_3)
FNF:4
FNH:0
FNDA:0,ReplayCpuView
FNDA:0,ReplaySystemSubTab
FNDA:0,ReplayProcessSubTab
FNDA:0,(anonymous_3)
DA:11,0
DA:17,0
DA:19,0
DA:30,0
DA:32,0
DA:62,0
DA:64,0
LF:7
LH:0
BRDA:23,0,0,0
BRDA:23,0,1,0
BRDA:24,1,0,0
BRDA:24,1,1,0
BRDA:46,2,0,0
BRDA:46,2,1,0
BRDA:66,3,0,0
BRDA:66,3,1,0
BRF:8
BRH:0
end_of_record
TN:
SF:src/pages/replay/ReplayMemoryView.tsx
FN:17,ReplayMemoryView
FN:21,(anonymous_1)
FN:22,(anonymous_2)
FN:50,(anonymous_3)
FN:65,(anonymous_4)
FN:66,(anonymous_5)
FN:67,(anonymous_6)
FNF:7
FNH:0
FNDA:0,ReplayMemoryView
FNDA:0,(anonymous_1)
FNDA:0,(anonymous_2)
FNDA:0,(anonymous_3)
FNDA:0,(anonymous_4)
FNDA:0,(anonymous_5)
FNDA:0,(anonymous_6)
DA:18,0
DA:19,0
DA:21,0
DA:22,0
DA:23,0
DA:24,0
DA:26,0
DA:27,0
DA:28,0
DA:29,0
DA:37,0
DA:39,0
DA:41,0
DA:44,0
DA:51,0
DA:52,0
DA:65,0
DA:66,0
DA:67,0
DA:72,0
LF:20
LH:0
BRDA:24,0,0,0
BRDA:24,0,1,0
BRDA:27,1,0,0
BRDA:27,1,1,0
BRDA:28,2,0,0
BRDA:28,2,1,0
BRDA:31,3,0,0
BRDA:31,3,1,0
BRDA:32,4,0,0
BRDA:32,4,1,0
BRDA:33,5,0,0
BRDA:33,5,1,0
BRDA:34,6,0,0
BRDA:34,6,1,0
BRDA:35,7,0,0
BRDA:35,7,1,0
BRDA:37,8,0,0
BRDA:37,8,1,0
BRDA:80,9,0,0
BRDA:80,9,1,0
BRF:20
BRH:0
end_of_record
TN:
SF:src/services/apiClient.ts
FN:3,get
FN:12,post
FN:57,(anonymous_2)
FN:58,(anonymous_3)
FN:59,(anonymous_4)
FN:60,(anonymous_5)
FN:63,(anonymous_6)
FN:64,(anonymous_7)
FN:65,(anonymous_8)
FN:66,(anonymous_9)
FN:69,(anonymous_10)
FN:70,(anonymous_11)
FN:71,(anonymous_12)
FN:72,(anonymous_13)
FN:73,(anonymous_14)
FN:76,(anonymous_15)
FN:78,(anonymous_16)
FN:80,(anonymous_17)
FN:84,(anonymous_18)
FNF:19
FNH:0
FNDA:0,get
FNDA:0,post
FNDA:0,(anonymous_2)
FNDA:0,(anonymous_3)
FNDA:0,(anonymous_4)
FNDA:0,(anonymous_5)
FNDA:0,(anonymous_6)
FNDA:0,(anonymous_7)
FNDA:0,(anonymous_8)
FNDA:0,(anonymous_9)
FNDA:0,(anonymous_10)
FNDA:0,(anonymous_11)
FNDA:0,(anonymous_12)
FNDA:0,(anonymous_13)
FNDA:0,(anonymous_14)
FNDA:0,(anonymous_15)
FNDA:0,(anonymous_16)
FNDA:0,(anonymous_17)
FNDA:0,(anonymous_18)
DA:1,6
DA:4,0
DA:7,0
DA:8,0
DA:9,0
DA:13,0
DA:18,0
DA:19,0
DA:56,6
DA:57,0
DA:58,0
DA:59,0
DA:60,0
DA:63,0
DA:64,0
DA:65,0
DA:67,0
DA:69,0
DA:70,0
DA:71,0
DA:72,0
DA:73,0
DA:77,0
DA:79,0
DA:81,0
DA:84,0
LF:26
LH:2
BRDA:4,0,0,0
BRDA:4,0,1,0
BRDA:8,1,0,0
BRDA:8,1,1,0
BRDA:18,2,0,0
BRDA:18,2,1,0
BRDA:69,3,0,0
BRDA:69,3,1,0
BRF:8
BRH:0
end_of_record
TN:
SF:src/services/dataBus.ts
FN:68,constructor
FN:80,subscribe
FN:93,(anonymous_2)
FN:103,getLatest
FN:108,getAvailableFeatures
FN:112,destroy
FN:120,getStatus
FN:124,onConnectionChange
FN:126,(anonymous_8)
FN:132,getRecent
FN:140,setWindowSize
FN:151,getWindowSize
FN:158,getBuffer
FN:165,setConfig
FN:171,getConfig
FN:178,isBackpressured
FN:185,isBackgroundMode
FN:189,connect
FN:209,(anonymous_18)
FN:210,(anonymous_19)
FN:211,(anonymous_20)
FN:212,(anonymous_21)
FN:213,(anonymous_22)
FN:221,(anonymous_23)
FN:227,disconnect
FN:239,connected
FN:243,reconnectNow
FN:247,getConnectionStats
FN:257,setStatus
FN:263,syncSubscription
FN:267,(anonymous_30)
FN:268,(anonymous_31)
FN:284,handleData
FN:312,storeInRingBuffer
FN:319,scheduleBatchFlush
FN:321,(anonymous_35)
FN:327,scheduleRAF
FN:329,(anonymous_37)
FN:335,cancelBatchFlush
FN:349,flushBatch
FN:380,handleFrame
FN:411,startFrameCleanup
FN:412,(anonymous_42)
FN:422,stopFrameCleanup
FN:429,(anonymous_44)
FN:439,bindVisibilityListener
FN:444,removeVisibilityListener
FN:452,mapConnectionState
FNF:48
FNH:29
FNDA:14,constructor
FNDA:12,subscribe
FNDA:2,(anonymous_2)
FNDA:0,getLatest
FNDA:0,getAvailableFeatures
FNDA:0,destroy
FNDA:0,getStatus
FNDA:0,onConnectionChange
FNDA:0,(anonymous_8)
FNDA:0,getRecent
FNDA:0,setWindowSize
FNDA:0,getWindowSize
FNDA:2,getBuffer
FNDA:1,setConfig
FNDA:1,getConfig
FNDA:1,isBackpressured
FNDA:2,isBackgroundMode
FNDA:9,connect
FNDA:11,(anonymous_18)
FNDA:2,(anonymous_19)
FNDA:8,(anonymous_20)
FNDA:0,(anonymous_21)
FNDA:26,(anonymous_22)
FNDA:9,(anonymous_23)
FNDA:13,disconnect
FNDA:1,connected
FNDA:0,reconnectNow
FNDA:0,getConnectionStats
FNDA:56,setStatus
FNDA:14,syncSubscription
FNDA:0,(anonymous_30)
FNDA:0,(anonymous_31)
FNDA:12,handleData
FNDA:12,storeInRingBuffer
FNDA:8,scheduleBatchFlush
FNDA:0,(anonymous_35)
FNDA:0,scheduleRAF
FNDA:0,(anonymous_37)
FNDA:25,cancelBatchFlush
FNDA:20,flushBatch
FNDA:2,handleFrame
FNDA:9,startFrameCleanup
FNDA:0,(anonymous_42)
FNDA:13,stopFrameCleanup
FNDA:24,(anonymous_44)
FNDA:14,bindVisibilityListener
FNDA:0,removeVisibilityListener
FNDA:26,mapConnectionState
DA:41,2
DA:42,2
DA:43,2
DA:44,2
DA:47,14
DA:48,14
DA:49,14
DA:50,14
DA:51,14
DA:53,14
DA:54,14
DA:55,14
DA:57,14
DA:60,14
DA:61,14
DA:62,14
DA:63,14
DA:64,14
DA:65,14
DA:69,14
DA:70,14
DA:74,14
DA:81,12
DA:82,12
DA:83,12
DA:88,12
DA:89,12
DA:91,12
DA:93,12
DA:94,2
DA:95,2
DA:96,2
DA:97,2
DA:98,2
DA:104,0
DA:105,0
DA:109,0
DA:113,0
DA:114,0
DA:115,0
DA:116,0
DA:117,0
DA:121,0
DA:125,0
DA:126,0
DA:133,0
DA:134,0
DA:141,0
DA:142,0
DA:143,0
DA:144,0
DA:145,0
DA:146,0
DA:152,0
DA:159,2
DA:166,1
DA:168,1
DA:172,1
DA:179,1
DA:186,2
DA:190,9
DA:192,9
DA:194,9
DA:200,9
DA:201,0
DA:202,0
DA:204,9
DA:205,9
DA:207,9
DA:209,11
DA:210,2
DA:211,8
DA:212,0
DA:213,26
DA:216,9
DA:217,9
DA:220,9
DA:221,9
DA:222,9
DA:223,0
DA:228,13
DA:229,13
DA:230,13
DA:231,13
DA:232,13
DA:233,13
DA:234,13
DA:235,13
DA:236,13
DA:240,1
DA:244,0
DA:248,0
DA:249,0
DA:258,56
DA:259,35
DA:260,35
DA:264,14
DA:266,1
DA:267,1
DA:268,1
DA:270,1
DA:272,0
DA:273,0
DA:278,0
DA:285,12
DA:286,12
DA:288,11
DA:295,12
DA:297,3
DA:298,3
DA:299,3
DA:302,8
DA:303,8
DA:304,5
DA:305,5
DA:307,8
DA:309,8
DA:313,12
DA:314,12
DA:315,0
DA:320,8
DA:321,5
DA:322,0
DA:323,0
DA:328,0
DA:329,0
DA:330,0
DA:331,0
DA:336,25
DA:337,5
DA:338,5
DA:340,25
DA:341,0
DA:342,0
DA:350,20
DA:352,7
DA:354,6
DA:355,6
DA:356,6
DA:358,6
DA:359,6
DA:360,6
DA:362,6
DA:363,9
DA:367,6
DA:369,6
DA:370,9
DA:371,9
DA:376,6
DA:377,6
DA:381,2
DA:382,2
DA:383,1
DA:389,1
DA:392,2
DA:394,2
DA:395,1
DA:396,1
DA:397,2
DA:399,1
DA:400,1
DA:402,1
DA:403,1
DA:404,1
DA:412,9
DA:413,0
DA:414,0
DA:415,0
DA:416,0
DA:423,13
DA:424,9
DA:425,9
DA:429,24
DA:430,24
DA:431,12
DA:432,12
DA:434,12
DA:435,12
DA:440,14
DA:441,14
DA:445,0
DA:446,0
DA:450,2
DA:453,26
DA:455,8
DA:457,9
DA:459,0
DA:461,0
DA:464,9
LF:189
LH:142
BRDA:68,0,0,14
BRDA:68,1,0,14
BRDA:71,2,0,14
BRDA:71,2,1,14
BRDA:72,3,0,14
BRDA:72,3,1,14
BRDA:82,4,0,12
BRDA:82,4,1,0
BRDA:95,5,0,2
BRDA:95,5,1,0
BRDA:105,6,0,0
BRDA:105,6,1,0
BRDA:105,7,0,0
BRDA:105,7,1,0
BRDA:133,8,0,0
BRDA:133,8,1,0
BRDA:145,9,0,0
BRDA:145,9,1,0
BRDA:159,10,0,2
BRDA:159,10,1,0
BRDA:200,11,0,0
BRDA:200,11,1,9
BRDA:222,12,0,0
BRDA:222,12,1,9
BRDA:240,13,0,1
BRDA:240,13,1,1
BRDA:250,14,0,0
BRDA:250,14,1,0
BRDA:251,15,0,0
BRDA:251,15,1,0
BRDA:252,16,0,0
BRDA:252,16,1,0
BRDA:253,17,0,0
BRDA:253,17,1,0
BRDA:258,18,0,21
BRDA:258,18,1,35
BRDA:264,19,0,13
BRDA:264,19,1,1
BRDA:270,20,0,1
BRDA:270,20,1,0
BRDA:270,21,0,1
BRDA:270,21,1,1
BRDA:286,22,0,1
BRDA:286,22,1,11
BRDA:290,23,0,11
BRDA:290,23,1,11
BRDA:295,24,0,3
BRDA:295,24,1,9
BRDA:303,25,0,5
BRDA:303,25,1,3
BRDA:314,26,0,0
BRDA:314,26,1,12
BRDA:320,27,0,3
BRDA:320,27,1,5
BRDA:328,28,0,0
BRDA:328,28,1,0
BRDA:336,29,0,5
BRDA:336,29,1,20
BRDA:340,30,0,0
BRDA:340,30,1,25
BRDA:350,31,0,13
BRDA:350,31,1,7
BRDA:352,32,0,1
BRDA:352,32,1,6
BRDA:360,33,0,0
BRDA:360,33,1,6
BRDA:367,34,0,0
BRDA:367,34,1,6
BRDA:382,35,0,1
BRDA:382,35,1,1
BRDA:394,36,0,1
BRDA:394,36,1,1
BRDA:397,37,0,2
BRDA:397,37,1,0
BRDA:415,38,0,0
BRDA:415,38,1,0
BRDA:423,39,0,9
BRDA:423,39,1,4
BRDA:430,40,0,12
BRDA:430,40,1,12
BRDA:440,41,0,0
BRDA:440,41,1,14
BRDA:445,42,0,0
BRDA:445,42,1,0
BRDA:453,43,0,8
BRDA:453,43,1,9
BRDA:453,43,2,0
BRDA:453,43,3,0
BRDA:453,43,4,9
BRDA:453,43,5,9
BRF:90
BRH:54
end_of_record
TN:
SF:src/services/dataSource.ts
FNF:0
FNH:0
LF:0
LH:0
BRF:0
BRH:0
end_of_record
TN:
SF:src/services/replayEngine.ts
FN:35,loadFile
FN:46,(anonymous_1)
FN:47,(anonymous_2)
FN:50,(anonymous_3)
FN:51,(anonymous_4)
FN:54,(anonymous_5)
FN:57,(anonymous_6)
FN:77,loadStreaming
FN:104,(anonymous_8)
FN:114,(anonymous_9)
FN:119,loadBulk
FN:130,(anonymous_11)
FN:135,indexLine
FN:148,(anonymous_13)
FN:167,play
FN:175,pause
FN:183,seek
FN:199,setSpeed
FN:203,getState
FN:207,getMeta
FN:211,getCurrentTime
FN:215,getProgress
FN:222,onStateChange
FN:224,(anonymous_23)
FN:228,subscribe
FN:235,(anonymous_25)
FN:241,getLatest
FN:245,getAvailableFeatures
FN:249,destroy
FN:257,tick
FN:278,(anonymous_30)
FN:281,emitCurrentFrame
FN:287,emitFrame
FN:305,notifyState
FNF:34
FNH:26
FNDA:16,loadFile
FNDA:5,(anonymous_1)
FNDA:0,(anonymous_2)
FNDA:1016,(anonymous_3)
FNDA:1016,(anonymous_4)
FNDA:11,(anonymous_5)
FNDA:1052,(anonymous_6)
FNDA:5,loadStreaming
FNDA:1012,(anonymous_8)
FNDA:4,(anonymous_9)
FNDA:11,loadBulk
FNDA:52,(anonymous_11)
FNDA:1082,indexLine
FNDA:26,(anonymous_13)
FNDA:0,play
FNDA:0,pause
FNDA:7,seek
FNDA:1,setSpeed
FNDA:3,getState
FNDA:0,getMeta
FNDA:3,getCurrentTime
FNDA:2,getProgress
FNDA:1,onStateChange
FNDA:0,(anonymous_23)
FNDA:2,subscribe
FNDA:0,(anonymous_25)
FNDA:2,getLatest
FNDA:1,getAvailableFeatures
FNDA:17,destroy
FNDA:0,tick
FNDA:0,(anonymous_30)
FNDA:7,emitCurrentFrame
FNDA:5,emitFrame
FNDA:32,notifyState
DA:22,16
DA:23,16
DA:24,16
DA:25,16
DA:26,16
DA:27,16
DA:28,16
DA:29,16
DA:30,16
DA:31,16
DA:32,16
DA:33,16
DA:36,16
DA:37,16
DA:39,16
DA:40,16
DA:41,16
DA:42,16
DA:45,16
DA:46,5
DA:47,5
DA:48,0
DA:49,5
DA:50,1016
DA:51,1016
DA:54,11
DA:57,1052
DA:59,16
DA:68,16
DA:69,16
DA:70,16
DA:71,16
DA:72,16
DA:74,16
DA:84,5
DA:85,5
DA:86,5
DA:87,5
DA:89,5
DA:90,5
DA:92,5
DA:93,15
DA:94,15
DA:96,10
DA:97,10
DA:100,10
DA:101,1015
DA:102,1015
DA:103,1015
DA:104,1015
DA:107,10
DA:108,10
DA:112,5
DA:113,5
DA:114,4
DA:116,5
DA:124,11
DA:125,11
DA:126,11
DA:127,11
DA:128,63
DA:129,63
DA:130,63
DA:132,11
DA:142,1082
DA:143,1082
DA:145,1082
DA:146,1082
DA:147,1082
DA:148,26
DA:149,13
DA:151,1068
DA:153,1068
DA:154,1068
DA:155,1068
DA:156,1068
DA:158,1068
DA:168,0
DA:169,0
DA:170,0
DA:171,0
DA:172,0
DA:176,0
DA:177,0
DA:178,0
DA:179,0
DA:180,0
DA:184,7
DA:185,7
DA:186,7
DA:188,7
DA:189,7
DA:190,17
DA:191,17
DA:192,10
DA:194,7
DA:196,7
DA:200,1
DA:204,3
DA:208,0
DA:212,3
DA:216,2
DA:217,2
DA:218,2
DA:219,2
DA:223,1
DA:224,1
DA:229,2
DA:230,2
DA:231,2
DA:232,2
DA:234,2
DA:235,2
DA:236,0
DA:237,0
DA:242,2
DA:246,1
DA:250,17
DA:251,17
DA:252,17
DA:253,17
DA:254,17
DA:258,0
DA:260,0
DA:261,0
DA:262,0
DA:264,0
DA:266,0
DA:268,0
DA:269,0
DA:272,0
DA:273,0
DA:274,0
DA:275,0
DA:278,0
DA:282,7
DA:283,5
DA:288,5
DA:289,5
DA:290,5
DA:291,5
DA:297,5
DA:298,5
DA:299,5
DA:300,1
DA:306,32
LF:146
LH:119
BRDA:45,0,0,5
BRDA:45,0,1,11
BRDA:50,1,0,5
BRDA:50,1,1,0
BRDA:51,2,0,5
BRDA:51,2,1,0
BRDA:62,3,0,0
BRDA:62,3,1,16
BRDA:94,4,0,5
BRDA:94,4,1,10
BRDA:103,5,0,0
BRDA:103,5,1,1015
BRDA:107,6,0,10
BRDA:107,6,1,0
BRDA:113,7,0,4
BRDA:113,7,1,1
BRDA:129,8,0,0
BRDA:129,8,1,63
BRDA:147,9,0,13
BRDA:147,9,1,1069
BRDA:148,10,0,13
BRDA:148,10,1,0
BRDA:151,11,0,0
BRDA:151,11,1,1068
BRDA:151,12,0,1068
BRDA:151,12,1,1068
BRDA:154,13,0,16
BRDA:154,13,1,1052
BRDA:155,14,0,1067
BRDA:155,14,1,1
BRDA:168,15,0,0
BRDA:168,15,1,0
BRDA:168,16,0,0
BRDA:168,16,1,0
BRDA:176,17,0,0
BRDA:176,17,1,0
BRDA:178,18,0,0
BRDA:178,18,1,0
BRDA:184,19,0,0
BRDA:184,19,1,7
BRDA:191,20,0,7
BRDA:191,20,1,10
BRDA:216,21,0,0
BRDA:216,21,1,2
BRDA:218,22,0,0
BRDA:218,22,1,2
BRDA:230,23,0,2
BRDA:230,23,1,0
BRDA:237,24,0,0
BRDA:237,24,1,0
BRDA:242,25,0,2
BRDA:242,25,1,0
BRDA:246,26,0,1
BRDA:246,26,1,0
BRDA:250,27,0,0
BRDA:250,27,1,17
BRDA:258,28,0,0
BRDA:258,28,1,0
BRDA:266,29,0,0
BRDA:266,29,1,0
BRDA:272,30,0,0
BRDA:272,30,1,0
BRDA:282,31,0,5
BRDA:282,31,1,2
BRDA:282,32,0,7
BRDA:282,32,1,5
BRDA:294,33,0,5
BRDA:294,33,1,0
BRDA:299,34,0,1
BRDA:299,34,1,4
BRF:70
BRH:38
end_of_record
TN:
SF:src/services/sseLink.ts
FN:8,(anonymous_0)
FN:50,applyJitter
FN:68,constructor
FN:73,connect
FN:86,(anonymous_4)
FN:95,(anonymous_5)
FN:101,(anonymous_6)
FN:108,(anonymous_7)
FN:122,(anonymous_8)
FN:136,disconnect
FN:156,reconnectNow
FN:166,connected
FN:170,getStats
FN:183,setState
FN:189,scheduleReconnect
FN:194,(anonymous_15)
FN:202,calculateReconnectDelay
FN:209,resetHeartbeatTimer
FN:211,(anonymous_18)
FN:217,clearHeartbeatTimer
FNF:20
FNH:19
FNDA:3,(anonymous_0)
FNDA:11,applyJitter
FNDA:23,constructor
FNDA:33,connect
FNDA:29,(anonymous_4)
FNDA:10,(anonymous_5)
FNDA:0,(anonymous_6)
FNDA:15,(anonymous_7)
FNDA:3,(anonymous_8)
FNDA:56,disconnect
FNDA:2,reconnectNow
FNDA:2,connected
FNDA:11,getStats
FNDA:139,setState
FNDA:11,scheduleReconnect
FNDA:8,(anonymous_15)
FNDA:11,calculateReconnectDelay
FNDA:47,resetHeartbeatTimer
FNDA:1,(anonymous_18)
FNDA:103,clearHeartbeatTimer
DA:8,3
DA:9,3
DA:10,3
DA:11,3
DA:12,3
DA:13,3
DA:42,3
DA:43,3
DA:44,3
DA:51,11
DA:52,11
DA:56,23
DA:58,23
DA:59,23
DA:60,23
DA:61,23
DA:62,23
DA:63,23
DA:64,23
DA:65,23
DA:69,23
DA:70,23
DA:74,33
DA:76,33
DA:78,33
DA:79,1
DA:80,1
DA:83,33
DA:84,33
DA:86,33
DA:87,29
DA:88,29
DA:89,29
DA:90,29
DA:91,29
DA:92,29
DA:95,33
DA:96,10
DA:97,10
DA:98,10
DA:101,33
DA:102,0
DA:103,0
DA:104,0
DA:108,33
DA:109,15
DA:110,15
DA:111,1
DA:113,15
DA:114,15
DA:115,15
DA:116,15
DA:122,33
DA:123,3
DA:124,3
DA:125,0
DA:127,3
DA:128,3
DA:129,3
DA:137,56
DA:138,3
DA:139,3
DA:141,56
DA:142,56
DA:143,56
DA:144,33
DA:145,33
DA:147,56
DA:148,23
DA:150,56
DA:157,2
DA:158,0
DA:159,0
DA:161,2
DA:162,2
DA:163,2
DA:167,2
DA:171,11
DA:184,139
DA:185,116
DA:186,116
DA:190,11
DA:191,11
DA:192,11
DA:193,11
DA:194,11
DA:195,8
DA:196,8
DA:197,8
DA:198,8
DA:203,11
DA:204,11
DA:205,11
DA:206,11
DA:210,47
DA:211,47
DA:213,1
DA:218,103
DA:219,39
DA:220,39
LF:100
LH:94
BRDA:68,0,0,23
BRDA:78,1,0,1
BRDA:78,1,1,32
BRDA:79,2,0,0
BRDA:79,2,1,1
BRDA:103,3,0,0
BRDA:103,3,1,0
BRDA:110,4,0,1
BRDA:110,4,1,14
BRDA:115,5,0,15
BRDA:115,5,1,0
BRDA:124,6,0,0
BRDA:124,6,1,3
BRDA:136,7,0,56
BRDA:137,8,0,3
BRDA:137,8,1,53
BRDA:143,9,0,33
BRDA:143,9,1,23
BRDA:147,10,0,23
BRDA:147,10,1,33
BRDA:157,11,0,0
BRDA:157,11,1,2
BRDA:176,12,0,3
BRDA:176,12,1,8
BRDA:184,13,0,23
BRDA:184,13,1,116
BRDA:189,14,0,11
BRDA:190,15,0,0
BRDA:190,15,1,11
BRDA:204,16,0,11
BRDA:204,16,1,0
BRDA:218,17,0,39
BRDA:218,17,1,64
BRF:33
BRH:25
end_of_record
TN:
SF:src/services/timeSeriesStore.ts
FN:10,estimatePointSize
FN:30,constructor
FN:35,push
FN:66,pushMany
FN:70,query
FN:71,(anonymous_5)
FN:74,getRange
FN:93,latest
FN:98,all
FN:102,size
FN:106,clear
FN:113,memoryBytes
FN:117,index
FN:121,toArray
FN:129,enforceMemoryLimit
FN:145,append
FN:155,appendMany
FN:165,query
FN:171,getRange
FN:177,latest
FN:182,all
FN:187,size
FN:191,memoryBytes
FN:195,subscribe
FN:202,(anonymous_24)
FN:205,notify
FNF:26
FNH:22
FNDA:27,estimatePointSize
FNDA:7,constructor
FNDA:25,push
FNDA:1,pushMany
FNDA:0,query
FNDA:0,(anonymous_5)
FNDA:1,getRange
FNDA:1,latest
FNDA:2,all
FNDA:2,size
FNDA:0,clear
FNDA:1,memoryBytes
FNDA:59,index
FNDA:3,toArray
FNDA:25,enforceMemoryLimit
FNDA:23,append
FNDA:1,appendMany
FNDA:0,query
FNDA:1,getRange
FNDA:1,latest
FNDA:2,all
FNDA:2,size
FNDA:1,memoryBytes
FNDA:2,subscribe
FNDA:1,(anonymous_24)
FNDA:24,notify
DA:6,1
DA:7,1
DA:8,1
DA:11,27
DA:12,27
DA:25,7
DA:26,7
DA:28,7
DA:31,7
DA:32,7
DA:36,25
DA:39,25
DA:40,18
DA:41,18
DA:42,2
DA:43,2
DA:44,2
DA:45,2
DA:46,2
DA:50,23
DA:52,23
DA:53,0
DA:54,0
DA:55,0
DA:57,23
DA:60,23
DA:61,23
DA:62,23
DA:63,23
DA:67,2
DA:71,0
DA:75,1
DA:76,1
DA:77,1
DA:78,1
DA:79,3
DA:80,3
DA:81,2
DA:83,1
DA:84,1
DA:85,1
DA:86,2
DA:87,2
DA:88,1
DA:90,1
DA:94,1
DA:95,1
DA:99,2
DA:103,2
DA:107,0
DA:108,0
DA:109,0
DA:110,0
DA:114,1
DA:118,59
DA:122,3
DA:123,3
DA:124,17
DA:126,3
DA:130,25
DA:131,0
DA:132,0
DA:133,0
DA:134,0
DA:139,1
DA:142,1
DA:143,1
DA:146,23
DA:147,23
DA:148,6
DA:149,6
DA:151,23
DA:152,23
DA:156,1
DA:157,1
DA:158,1
DA:159,1
DA:161,1
DA:162,1
DA:166,0
DA:167,0
DA:168,0
DA:172,1
DA:173,1
DA:174,1
DA:178,1
DA:179,1
DA:183,2
DA:184,2
DA:188,2
DA:192,1
DA:196,2
DA:197,2
DA:198,2
DA:199,2
DA:201,2
DA:202,2
DA:206,24
DA:207,24
DA:208,3
DA:213,1
LF:101
LH:86
BRDA:39,0,0,18
BRDA:39,0,1,7
BRDA:41,1,0,2
BRDA:41,1,1,16
BRDA:41,2,0,18
BRDA:41,2,1,18
BRDA:52,3,0,0
BRDA:52,3,1,23
BRDA:71,4,0,0
BRDA:71,4,1,0
BRDA:80,5,0,1
BRDA:80,5,1,2
BRDA:87,6,0,1
BRDA:87,6,1,1
BRDA:94,7,0,0
BRDA:94,7,1,1
BRDA:130,8,0,25
BRDA:130,8,1,25
BRDA:147,9,0,6
BRDA:147,9,1,17
BRDA:157,10,0,1
BRDA:157,10,1,0
BRDA:167,11,0,0
BRDA:167,11,1,0
BRDA:173,12,0,0
BRDA:173,12,1,1
BRDA:179,13,0,1
BRDA:179,13,1,0
BRDA:184,14,0,2
BRDA:184,14,1,0
BRDA:188,15,0,2
BRDA:188,15,1,0
BRDA:192,16,0,1
BRDA:192,16,1,0
BRDA:197,17,0,2
BRDA:197,17,1,0
BRDA:207,18,0,3
BRDA:207,18,1,21
BRF:38
BRH:25
end_of_record
TN:
SF:src/stores/useAnnotationStore.ts
FN:24,(anonymous_0)
FN:27,(anonymous_1)
FN:27,(anonymous_2)
FN:31,(anonymous_3)
FN:31,(anonymous_4)
FN:32,(anonymous_5)
FN:35,(anonymous_6)
FN:37,(anonymous_7)
FN:38,(anonymous_8)
FN:42,getAnnotationColor
FN:53,getAnnotationIcon
FNF:11
FNH:1
FNDA:1,(anonymous_0)
FNDA:0,(anonymous_1)
FNDA:0,(anonymous_2)
FNDA:0,(anonymous_3)
FNDA:0,(anonymous_4)
FNDA:0,(anonymous_5)
FNDA:0,(anonymous_6)
FNDA:0,(anonymous_7)
FNDA:0,(anonymous_8)
FNDA:0,getAnnotationColor
FNDA:0,getAnnotationIcon
DA:22,1
DA:24,1
DA:27,0
DA:31,0
DA:32,0
DA:35,0
DA:38,0
DA:43,0
DA:44,0
DA:45,0
DA:46,0
DA:47,0
DA:48,0
DA:49,0
DA:54,0
DA:55,0
DA:56,0
DA:57,0
DA:58,0
DA:59,0
DA:60,0
LF:21
LH:2
BRDA:38,0,0,0
BRDA:38,0,1,0
BRDA:43,1,0,0
BRDA:43,1,1,0
BRDA:43,1,2,0
BRDA:43,1,3,0
BRDA:43,1,4,0
BRDA:43,1,5,0
BRDA:54,2,0,0
BRDA:54,2,1,0
BRDA:54,2,2,0
BRDA:54,2,3,0
BRDA:54,2,4,0
BRDA:54,2,5,0
BRF:14
BRH:0
end_of_record
TN:
SF:src/stores/usePipelineStore.ts
FN:33,(anonymous_0)
FN:37,(anonymous_1)
FN:38,(anonymous_2)
FN:39,(anonymous_3)
FNF:4
FNH:1
FNDA:1,(anonymous_0)
FNDA:0,(anonymous_1)
FNDA:0,(anonymous_2)
FNDA:0,(anonymous_3)
DA:33,1
DA:37,0
DA:38,0
DA:39,0
LF:4
LH:1
BRF:0
BRH:0
end_of_record
TN:
SF:src/stores/useTimeStore.ts
FN:26,(anonymous_0)
FN:35,(anonymous_1)
FN:37,(anonymous_2)
FN:48,(anonymous_3)
FN:50,(anonymous_4)
FN:52,(anonymous_5)
FN:57,(anonymous_6)
FNF:7
FNH:6
FNDA:3,(anonymous_0)
FNDA:1,(anonymous_1)
FNDA:2,(anonymous_2)
FNDA:1,(anonymous_3)
FNDA:0,(anonymous_4)
FNDA:1,(anonymous_5)
FNDA:2,(anonymous_6)
DA:24,3
DA:26,3
DA:35,1
DA:38,2
DA:39,2
DA:40,1
DA:42,1
DA:43,1
DA:44,1
DA:48,1
DA:50,0
DA:53,1
DA:54,1
DA:58,2
DA:59,2
DA:60,1
DA:61,1
LF:17
LH:16
BRDA:39,0,0,1
BRDA:39,0,1,1
BRDA:59,1,0,1
BRDA:59,1,1,1
BRF:4
BRH:4
end_of_record
TN:
SF:src/styles/theme.ts
FN:44,(anonymous_0)
FNF:1
FNH:0
FNDA:0,(anonymous_0)
DA:3,9
DA:27,9
DA:34,9
DA:44,9
LF:4
LH:4
BRDA:47,0,0,0
BRDA:47,0,1,0
BRDA:48,1,0,0
BRDA:48,1,1,0
BRDA:49,2,0,0
BRDA:49,2,1,0
BRF:6
BRH:0
end_of_record
TN:
SF:src/utils/downsample.ts
FN:23,lttb
FN:78,intervalSample
FN:89,downsample
FNF:3
FNH:3
FNDA:1,lttb
FNDA:1,intervalSample
FNDA:1,downsample
DA:24,1
DA:25,1
DA:27,1
DA:28,1
DA:30,1
DA:32,1
DA:33,48
DA:34,48
DA:35,48
DA:36,48
DA:37,48
DA:39,48
DA:40,48
DA:41,195
DA:43,48
DA:45,48
DA:46,48
DA:47,48
DA:48,48
DA:50,48
DA:51,48
DA:53,48
DA:54,48
DA:56,48
DA:57,198
DA:61,198
DA:62,193
DA:63,193
DA:67,48
DA:68,48
DA:71,1
DA:72,1
DA:79,1
DA:80,1
DA:81,1
DA:82,1
DA:83,8
DA:85,1
DA:86,1
DA:90,1
DA:91,1
DA:92,0
LF:42
LH:41
BRDA:23,0,0,1
BRDA:25,1,0,0
BRDA:25,1,1,1
BRDA:25,2,0,1
BRDA:25,2,1,1
BRDA:35,3,0,1
BRDA:35,3,1,47
BRDA:36,4,0,1
BRDA:36,4,1,47
BRDA:47,5,0,0
BRDA:47,5,1,48
BRDA:48,6,0,0
BRDA:48,6,1,48
BRDA:61,7,0,193
BRDA:61,7,1,5
BRDA:78,8,0,1
BRDA:79,9,0,0
BRDA:79,9,1,1
BRDA:89,10,0,1
BRDA:90,11,0,1
BRDA:90,12,0,1
BRDA:91,13,0,1
BRDA:91,13,1,0
BRDA:92,14,0,0
BRDA:92,14,1,0
BRF:25
BRH:18
end_of_record
TN:
SF:src/utils/ssePayload.ts
FN:19,extractRecords
FNF:1
FNH:1
FNDA:26,extractRecords
DA:20,26
DA:21,26
LF:2
LH:2
BRDA:21,0,0,26
BRDA:21,0,1,26
BRDA:21,0,2,0
BRF:3
BRH:2
end_of_record
TN:
SF:src/utils/timeSeriesBuffer.ts
FN:9,constructor
FN:13,push
FN:18,pushMany
FN:23,evict
FN:35,getAll
FN:39,getLast
FN:43,length
FN:47,clear
FNF:8
FNH:8
FNDA:90,constructor
FNDA:50,push
FNDA:4,pushMany
FNDA:54,evict
FNDA:27,getAll
FNDA:3,getLast
FNDA:12,length
FNDA:8,clear
DA:6,90
DA:10,90
DA:14,50
DA:15,50
DA:19,4
DA:20,4
DA:24,54
DA:25,54
DA:26,54
DA:27,54
DA:28,90
DA:29,90
DA:30,82
DA:32,54
DA:36,27
DA:40,3
DA:44,12
DA:48,8
LF:18
LH:18
BRDA:29,0,0,8
BRDA:29,0,1,82
BRDA:32,1,0,6
BRDA:32,1,1,48
BRF:4
BRH:4
end_of_record
TN:
SF:src/workers/aggregationWorker.ts
FN:35,lttb
FN:87,computeStats
FN:88,(anonymous_2)
FN:90,(anonymous_3)
FN:99,percentile
FN:105,aggregateBuckets
FN:108,(anonymous_6)
FN:155,(anonymous_7)
FNF:8
FNH:0
FNDA:0,lttb
FNDA:0,computeStats
FNDA:0,(anonymous_2)
FNDA:0,(anonymous_3)
FNDA:0,percentile
FNDA:0,aggregateBuckets
FNDA:0,(anonymous_6)
FNDA:0,(anonymous_7)
DA:36,0
DA:37,0
DA:39,0
DA:40,0
DA:42,0
DA:44,0
DA:45,0
DA:46,0
DA:47,0
DA:48,0
DA:49,0
DA:51,0
DA:52,0
DA:53,0
DA:55,0
DA:57,0
DA:58,0
DA:59,0
DA:60,0
DA:62,0
DA:63,0
DA:65,0
DA:66,0
DA:68,0
DA:69,0
DA:73,0
DA:74,0
DA:75,0
DA:79,0
DA:80,0
DA:83,0
DA:84,0
DA:88,0
DA:89,0
DA:90,0
DA:91,0
DA:92,0
DA:93,0
DA:94,0
DA:95,0
DA:96,0
DA:100,0
DA:101,0
DA:102,0
DA:106,0
DA:107,0
DA:108,0
DA:111,0
DA:112,0
DA:113,0
DA:114,0
DA:115,0
DA:117,0
DA:119,0
DA:120,0
DA:121,0
DA:123,0
DA:124,0
DA:125,0
DA:133,0
DA:135,0
DA:136,0
DA:137,0
DA:138,0
DA:142,0
DA:143,0
DA:152,0
DA:155,0
DA:156,0
DA:159,0
DA:161,0
DA:162,0
DA:164,0
DA:165,0
DA:167,0
DA:168,0
DA:171,0
DA:172,0
LF:78
LH:0
BRDA:37,0,0,0
BRDA:37,0,1,0
BRDA:37,1,0,0
BRDA:37,1,1,0
BRDA:47,2,0,0
BRDA:47,2,1,0
BRDA:48,3,0,0
BRDA:48,3,1,0
BRDA:59,4,0,0
BRDA:59,4,1,0
BRDA:60,5,0,0
BRDA:60,5,1,0
BRDA:73,6,0,0
BRDA:73,6,1,0
BRDA:91,7,0,0
BRDA:91,7,1,0
BRDA:92,8,0,0
BRDA:92,8,1,0
BRDA:93,9,0,0
BRDA:93,9,1,0
BRDA:100,10,0,0
BRDA:100,10,1,0
BRDA:106,11,0,0
BRDA:106,11,1,0
BRDA:106,12,0,0
BRDA:106,12,1,0
BRDA:107,13,0,0
BRDA:107,13,1,0
BRDA:123,14,0,0
BRDA:123,14,1,0
BRDA:123,15,0,0
BRDA:123,15,1,0
BRDA:124,16,0,0
BRDA:124,16,1,0
BRDA:129,17,0,0
BRDA:129,17,1,0
BRDA:142,18,0,0
BRDA:142,18,1,0
BRDA:147,19,0,0
BRDA:147,19,1,0
BRDA:159,20,0,0
BRDA:159,20,1,0
BRDA:159,20,2,0
BRF:43
BRH:0
end_of_record
TN:
SF:src/workers/flameGraphWorker.ts
FN:44,buildFlameTree
FN:80,mergeFlameTrees
FN:85,addNode
FN:120,buildDiffTree
FN:127,mergeDiff
FN:142,(anonymous_5)
FN:143,(anonymous_6)
FN:146,(anonymous_7)
FN:147,(anonymous_8)
FN:157,searchTree
FN:162,walk
FN:175,(anonymous_11)
FNF:12
FNH:0
FNDA:0,buildFlameTree
FNDA:0,mergeFlameTrees
FNDA:0,addNode
FNDA:0,buildDiffTree
FNDA:0,mergeDiff
FNDA:0,(anonymous_5)
FNDA:0,(anonymous_6)
FNDA:0,(anonymous_7)
FNDA:0,(anonymous_8)
FNDA:0,searchTree
FNDA:0,walk
FNDA:0,(anonymous_11)
DA:45,0
DA:47,0
DA:48,0
DA:50,0
DA:51,0
DA:52,0
DA:54,0
DA:55,0
DA:56,0
DA:57,0
DA:58,0
DA:59,0
DA:61,0
DA:62,0
DA:63,0
DA:64,0
DA:65,0
DA:66,0
DA:68,0
DA:69,0
DA:71,0
DA:74,0
DA:81,0
DA:82,0
DA:83,0
DA:86,0
DA:87,0
DA:89,0
DA:90,0
DA:91,0
DA:92,0
DA:95,0
DA:96,0
DA:97,0
DA:98,0
DA:105,0
DA:106,0
DA:107,0
DA:109,0
DA:113,0
DA:114,0
DA:117,0
DA:121,0
DA:122,0
DA:124,0
DA:125,0
DA:128,0
DA:129,0
DA:130,0
DA:132,0
DA:141,0
DA:142,0
DA:143,0
DA:145,0
DA:146,0
DA:147,0
DA:148,0
DA:151,0
DA:154,0
DA:158,0
DA:159,0
DA:160,0
DA:163,0
DA:164,0
DA:165,0
DA:167,0
DA:170,0
DA:171,0
DA:172,0
DA:175,0
DA:176,0
DA:179,0
DA:181,0
DA:182,0
DA:184,0
DA:188,0
DA:190,0
DA:194,0
DA:196,0
DA:197,0
DA:200,0
DA:201,0
LF:82
LH:0
BRDA:57,0,0,0
BRDA:57,0,1,0
BRDA:62,1,0,0
BRDA:62,1,1,0
BRDA:90,2,0,0
BRDA:90,2,1,0
BRDA:97,3,0,0
BRDA:97,3,1,0
BRDA:124,4,0,0
BRDA:124,4,1,0
BRDA:125,5,0,0
BRDA:125,5,1,0
BRDA:128,6,0,0
BRDA:128,6,1,0
BRDA:128,6,2,0
BRDA:129,7,0,0
BRDA:129,7,1,0
BRDA:130,8,0,0
BRDA:130,8,1,0
BRDA:134,9,0,0
BRDA:134,9,1,0
BRDA:134,9,2,0
BRDA:135,10,0,0
BRDA:135,10,1,0
BRDA:142,11,0,0
BRDA:142,11,1,0
BRDA:143,12,0,0
BRDA:143,12,1,0
BRDA:146,13,0,0
BRDA:146,13,1,0
BRDA:147,14,0,0
BRDA:147,14,1,0
BRDA:163,15,0,0
BRDA:163,15,1,0
BRDA:171,16,0,0
BRDA:171,16,1,0
BRDA:179,17,0,0
BRDA:179,17,1,0
BRDA:179,17,2,0
BRDA:179,17,3,0
BRF:40
BRH:0
end_of_record
